
=== RUNNING: python truthfulqa.py facebook/opt-125m ===
Traceback (most recent call last):
  File "/scratch/aa12938/DS-GA-1012-NLU/hw3/truthfulqa.py", line 14, in <module>
    import evaluate
ModuleNotFoundError: No module named 'evaluate'
==================================================

=== RUNNING: python truthfulqa.py facebook/opt-350m ===
Traceback (most recent call last):
  File "/scratch/aa12938/DS-GA-1012-NLU/hw3/truthfulqa.py", line 14, in <module>
    import evaluate
ModuleNotFoundError: No module named 'evaluate'
==================================================

=== RUNNING: python truthfulqa.py facebook/opt-1.3b ===
Traceback (most recent call last):
  File "/scratch/aa12938/DS-GA-1012-NLU/hw3/truthfulqa.py", line 14, in <module>
    import evaluate
ModuleNotFoundError: No module named 'evaluate'
==================================================

=== RUNNING: python truthfulqa.py facebook/opt-2.7b ===
Traceback (most recent call last):
  File "/scratch/aa12938/DS-GA-1012-NLU/hw3/truthfulqa.py", line 14, in <module>
    import evaluate
ModuleNotFoundError: No module named 'evaluate'
==================================================

=== RUNNING: python truthfulqa.py facebook/opt-6.7b ===
Traceback (most recent call last):
  File "/scratch/aa12938/DS-GA-1012-NLU/hw3/truthfulqa.py", line 14, in <module>
    import evaluate
ModuleNotFoundError: No module named 'evaluate'
==================================================

=== RUNNING: python truthfulqa.py facebook/opt-1.3b --no-demos ===
Traceback (most recent call last):
  File "/scratch/aa12938/DS-GA-1012-NLU/hw3/truthfulqa.py", line 14, in <module>
    import evaluate
ModuleNotFoundError: No module named 'evaluate'
==================================================

=== RUNNING: python truthfulqa.py facebook/opt-1.3b --system-prompt 'Actually,' --no-demos ===
Traceback (most recent call last):
  File "/scratch/aa12938/DS-GA-1012-NLU/hw3/truthfulqa.py", line 14, in <module>
    import evaluate
ModuleNotFoundError: No module named 'evaluate'
==================================================

=== RUNNING: python truthfulqa.py facebook/opt-1.3b --system-prompt 'Actually,' ===
Traceback (most recent call last):
  File "/scratch/aa12938/DS-GA-1012-NLU/hw3/truthfulqa.py", line 14, in <module>
    import evaluate
ModuleNotFoundError: No module named 'evaluate'
==================================================

=== RUNNING: python truthfulqa.py facebook/opt-125m ===
Testing model facebook/opt-125m on TruthfulQA...
Done. Accuracy: 0.2631578947368421

Downloading builder script:   0%|          | 0.00/4.20k [00:00<?, ?B/s]
Downloading builder script: 100%|██████████| 4.20k/4.20k [00:00<00:00, 18.3MB/s]

Generating validation split:   0%|          | 0/684 [00:00<?, ? examples/s]
Generating validation split: 100%|██████████| 684/684 [00:00<00:00, 5029.46 examples/s]
Generating validation split: 100%|██████████| 684/684 [00:00<00:00, 4713.80 examples/s]
Device set to use cuda:0

  0%|          | 0/228 [00:00<?, ?it/s]Asking to truncate to max_length but no maximum length is provided and the model has no predefined maximum length. Default to no truncation.

  0%|          | 1/228 [00:01<06:23,  1.69s/it]
  1%|          | 2/228 [00:01<03:16,  1.15it/s]
  1%|▏         | 3/228 [00:02<02:13,  1.68it/s]
  2%|▏         | 4/228 [00:02<01:45,  2.12it/s]
  2%|▏         | 5/228 [00:02<01:29,  2.50it/s]
  3%|▎         | 6/228 [00:03<01:20,  2.75it/s]
  3%|▎         | 7/228 [00:03<01:14,  2.98it/s]
  4%|▎         | 8/228 [00:03<01:12,  3.05it/s]
  4%|▍         | 9/228 [00:03<01:07,  3.23it/s]
  4%|▍         | 10/228 [00:04<01:06,  3.26it/s]You seem to be using the pipelines sequentially on GPU. In order to maximize efficiency please use a dataset

  5%|▍         | 11/228 [00:04<01:05,  3.31it/s]
  5%|▌         | 12/228 [00:04<01:04,  3.36it/s]
  6%|▌         | 13/228 [00:05<01:01,  3.48it/s]
  6%|▌         | 14/228 [00:05<01:00,  3.55it/s]
  7%|▋         | 15/228 [00:05<00:59,  3.57it/s]
  7%|▋         | 16/228 [00:05<00:59,  3.54it/s]
  7%|▋         | 17/228 [00:06<01:00,  3.50it/s]
  8%|▊         | 18/228 [00:06<00:58,  3.57it/s]
  8%|▊         | 19/228 [00:06<00:58,  3.57it/s]
  9%|▉         | 20/228 [00:07<00:59,  3.50it/s]
  9%|▉         | 21/228 [00:07<01:00,  3.42it/s]
 10%|▉         | 22/228 [00:07<00:58,  3.49it/s]
 10%|█         | 23/228 [00:07<00:57,  3.53it/s]
 11%|█         | 24/228 [00:08<00:57,  3.52it/s]
 11%|█         | 25/228 [00:08<00:57,  3.54it/s]
 11%|█▏        | 26/228 [00:08<00:57,  3.51it/s]
 12%|█▏        | 27/228 [00:09<00:57,  3.50it/s]
 12%|█▏        | 28/228 [00:09<00:56,  3.53it/s]
 13%|█▎        | 29/228 [00:09<00:56,  3.51it/s]
 13%|█▎        | 30/228 [00:09<00:57,  3.45it/s]
 14%|█▎        | 31/228 [00:10<00:55,  3.55it/s]
 14%|█▍        | 32/228 [00:10<00:54,  3.58it/s]
 14%|█▍        | 33/228 [00:10<00:54,  3.60it/s]
 15%|█▍        | 34/228 [00:11<00:54,  3.57it/s]
 15%|█▌        | 35/228 [00:11<00:53,  3.58it/s]
 16%|█▌        | 36/228 [00:11<00:55,  3.47it/s]
 16%|█▌        | 37/228 [00:11<00:53,  3.54it/s]
 17%|█▋        | 38/228 [00:12<00:52,  3.60it/s]
 17%|█▋        | 39/228 [00:12<00:53,  3.51it/s]
 18%|█▊        | 40/228 [00:12<00:54,  3.46it/s]
 18%|█▊        | 41/228 [00:13<00:53,  3.52it/s]
 18%|█▊        | 42/228 [00:13<00:52,  3.51it/s]
 19%|█▉        | 43/228 [00:13<00:51,  3.59it/s]
 19%|█▉        | 44/228 [00:13<00:52,  3.49it/s]
 20%|█▉        | 45/228 [00:14<00:51,  3.53it/s]
 20%|██        | 46/228 [00:14<00:51,  3.52it/s]
 21%|██        | 47/228 [00:14<00:50,  3.57it/s]
 21%|██        | 48/228 [00:15<00:51,  3.47it/s]
 21%|██▏       | 49/228 [00:15<00:50,  3.56it/s]
 22%|██▏       | 50/228 [00:15<00:50,  3.56it/s]
 22%|██▏       | 51/228 [00:15<00:50,  3.48it/s]
 23%|██▎       | 52/228 [00:16<00:51,  3.42it/s]
 23%|██▎       | 53/228 [00:16<00:51,  3.43it/s]
 24%|██▎       | 54/228 [00:16<00:50,  3.46it/s]
 24%|██▍       | 55/228 [00:17<00:50,  3.42it/s]
 25%|██▍       | 56/228 [00:17<00:50,  3.41it/s]
 25%|██▌       | 57/228 [00:17<00:49,  3.45it/s]
 25%|██▌       | 58/228 [00:17<00:48,  3.47it/s]
 26%|██▌       | 59/228 [00:18<00:48,  3.47it/s]
 26%|██▋       | 60/228 [00:18<00:47,  3.52it/s]
 27%|██▋       | 61/228 [00:18<00:47,  3.52it/s]
 27%|██▋       | 62/228 [00:19<00:46,  3.60it/s]
 28%|██▊       | 63/228 [00:19<00:45,  3.60it/s]
 28%|██▊       | 64/228 [00:19<00:45,  3.62it/s]
 29%|██▊       | 65/228 [00:19<00:46,  3.53it/s]
 29%|██▉       | 66/228 [00:20<00:45,  3.56it/s]
 29%|██▉       | 67/228 [00:20<00:45,  3.57it/s]
 30%|██▉       | 68/228 [00:20<00:45,  3.53it/s]
 30%|███       | 69/228 [00:21<00:45,  3.49it/s]
 31%|███       | 70/228 [00:21<00:45,  3.49it/s]
 31%|███       | 71/228 [00:21<00:45,  3.47it/s]
 32%|███▏      | 72/228 [00:21<00:44,  3.48it/s]
 32%|███▏      | 73/228 [00:22<00:44,  3.51it/s]
 32%|███▏      | 74/228 [00:22<00:43,  3.51it/s]
 33%|███▎      | 75/228 [00:22<00:42,  3.57it/s]
 33%|███▎      | 76/228 [00:22<00:41,  3.62it/s]
 34%|███▍      | 77/228 [00:23<00:41,  3.61it/s]
 34%|███▍      | 78/228 [00:23<00:43,  3.46it/s]
 35%|███▍      | 79/228 [00:23<00:43,  3.40it/s]
 35%|███▌      | 80/228 [00:24<00:43,  3.41it/s]
 36%|███▌      | 81/228 [00:24<00:42,  3.48it/s]
 36%|███▌      | 82/228 [00:24<00:41,  3.52it/s]
 36%|███▋      | 83/228 [00:24<00:40,  3.57it/s]
 37%|███▋      | 84/228 [00:25<00:40,  3.53it/s]
 37%|███▋      | 85/228 [00:25<00:39,  3.59it/s]
 38%|███▊      | 86/228 [00:25<00:40,  3.54it/s]
 38%|███▊      | 87/228 [00:26<00:39,  3.55it/s]
 39%|███▊      | 88/228 [00:26<00:40,  3.47it/s]
 39%|███▉      | 89/228 [00:26<00:40,  3.47it/s]
 39%|███▉      | 90/228 [00:27<00:40,  3.42it/s]
 40%|███▉      | 91/228 [00:27<00:39,  3.45it/s]
 40%|████      | 92/228 [00:27<00:38,  3.54it/s]
 41%|████      | 93/228 [00:27<00:37,  3.58it/s]
 41%|████      | 94/228 [00:28<00:37,  3.57it/s]
 42%|████▏     | 95/228 [00:28<00:37,  3.59it/s]
 42%|████▏     | 96/228 [00:28<00:37,  3.53it/s]
 43%|████▎     | 97/228 [00:28<00:36,  3.55it/s]
 43%|████▎     | 98/228 [00:29<00:36,  3.58it/s]
 43%|████▎     | 99/228 [00:29<00:35,  3.60it/s]
 44%|████▍     | 100/228 [00:29<00:35,  3.62it/s]
 44%|████▍     | 101/228 [00:30<00:34,  3.66it/s]
 45%|████▍     | 102/228 [00:30<00:35,  3.56it/s]
 45%|████▌     | 103/228 [00:30<00:36,  3.44it/s]
 46%|████▌     | 104/228 [00:30<00:35,  3.52it/s]
 46%|████▌     | 105/228 [00:31<00:34,  3.58it/s]
 46%|████▋     | 106/228 [00:31<00:34,  3.53it/s]
 47%|████▋     | 107/228 [00:31<00:34,  3.51it/s]
 47%|████▋     | 108/228 [00:32<00:33,  3.55it/s]
 48%|████▊     | 109/228 [00:32<00:33,  3.56it/s]
 48%|████▊     | 110/228 [00:32<00:32,  3.58it/s]
 49%|████▊     | 111/228 [00:32<00:33,  3.53it/s]
 49%|████▉     | 112/228 [00:33<00:32,  3.58it/s]
 50%|████▉     | 113/228 [00:33<00:32,  3.59it/s]
 50%|█████     | 114/228 [00:33<00:32,  3.49it/s]
 50%|█████     | 115/228 [00:34<00:32,  3.52it/s]
 51%|█████     | 116/228 [00:34<00:31,  3.58it/s]
 51%|█████▏    | 117/228 [00:34<00:31,  3.55it/s]
 52%|█████▏    | 118/228 [00:34<00:30,  3.59it/s]
 52%|█████▏    | 119/228 [00:35<00:29,  3.65it/s]
 53%|█████▎    | 120/228 [00:35<00:29,  3.65it/s]
 53%|█████▎    | 121/228 [00:35<00:29,  3.59it/s]
 54%|█████▎    | 122/228 [00:35<00:29,  3.61it/s]
 54%|█████▍    | 123/228 [00:36<00:30,  3.39it/s]
 54%|█████▍    | 124/228 [00:36<00:30,  3.42it/s]
 55%|█████▍    | 125/228 [00:36<00:29,  3.49it/s]
 55%|█████▌    | 126/228 [00:37<00:29,  3.45it/s]
 56%|█████▌    | 127/228 [00:37<00:28,  3.50it/s]
 56%|█████▌    | 128/228 [00:37<00:28,  3.53it/s]
 57%|█████▋    | 129/228 [00:37<00:28,  3.53it/s]
 57%|█████▋    | 130/228 [00:38<00:29,  3.38it/s]
 57%|█████▋    | 131/228 [00:38<00:28,  3.36it/s]
 58%|█████▊    | 132/228 [00:38<00:27,  3.43it/s]
 58%|█████▊    | 133/228 [00:39<00:26,  3.55it/s]
 59%|█████▉    | 134/228 [00:39<00:27,  3.44it/s]
 59%|█████▉    | 135/228 [00:39<00:26,  3.46it/s]
 60%|█████▉    | 136/228 [00:40<00:26,  3.47it/s]
 60%|██████    | 137/228 [00:40<00:25,  3.57it/s]
 61%|██████    | 138/228 [00:40<00:25,  3.58it/s]
 61%|██████    | 139/228 [00:40<00:25,  3.55it/s]
 61%|██████▏   | 140/228 [00:41<00:24,  3.56it/s]
 62%|██████▏   | 141/228 [00:41<00:24,  3.49it/s]
 62%|██████▏   | 142/228 [00:41<00:24,  3.57it/s]
 63%|██████▎   | 143/228 [00:41<00:23,  3.62it/s]
 63%|██████▎   | 144/228 [00:42<00:24,  3.41it/s]
 64%|██████▎   | 145/228 [00:42<00:24,  3.45it/s]
 64%|██████▍   | 146/228 [00:42<00:23,  3.46it/s]
 64%|██████▍   | 147/228 [00:43<00:22,  3.55it/s]
 65%|██████▍   | 148/228 [00:43<00:22,  3.54it/s]
 65%|██████▌   | 149/228 [00:43<00:22,  3.50it/s]
 66%|██████▌   | 150/228 [00:44<00:22,  3.48it/s]
 66%|██████▌   | 151/228 [00:44<00:21,  3.56it/s]
 67%|██████▋   | 152/228 [00:44<00:21,  3.56it/s]
 67%|██████▋   | 153/228 [00:44<00:21,  3.53it/s]
 68%|██████▊   | 154/228 [00:45<00:21,  3.46it/s]
 68%|██████▊   | 155/228 [00:45<00:20,  3.52it/s]
 68%|██████▊   | 156/228 [00:45<00:20,  3.51it/s]
 69%|██████▉   | 157/228 [00:45<00:19,  3.55it/s]
 69%|██████▉   | 158/228 [00:46<00:19,  3.54it/s]
 70%|██████▉   | 159/228 [00:46<00:19,  3.59it/s]
 70%|███████   | 160/228 [00:46<00:19,  3.45it/s]
 71%|███████   | 161/228 [00:47<00:19,  3.40it/s]
 71%|███████   | 162/228 [00:47<00:18,  3.48it/s]
 71%|███████▏  | 163/228 [00:47<00:18,  3.43it/s]
 72%|███████▏  | 164/228 [00:48<00:18,  3.46it/s]
 72%|███████▏  | 165/228 [00:48<00:18,  3.36it/s]
 73%|███████▎  | 166/228 [00:48<00:18,  3.37it/s]
 73%|███████▎  | 167/228 [00:48<00:17,  3.40it/s]
 74%|███████▎  | 168/228 [00:49<00:17,  3.49it/s]
 74%|███████▍  | 169/228 [00:49<00:16,  3.53it/s]
 75%|███████▍  | 170/228 [00:49<00:16,  3.50it/s]
 75%|███████▌  | 171/228 [00:50<00:16,  3.56it/s]
 75%|███████▌  | 172/228 [00:50<00:15,  3.55it/s]
 76%|███████▌  | 173/228 [00:50<00:15,  3.55it/s]
 76%|███████▋  | 174/228 [00:50<00:15,  3.58it/s]
 77%|███████▋  | 175/228 [00:51<00:14,  3.62it/s]
 77%|███████▋  | 176/228 [00:51<00:14,  3.58it/s]
 78%|███████▊  | 177/228 [00:51<00:14,  3.48it/s]
 78%|███████▊  | 178/228 [00:51<00:14,  3.52it/s]
 79%|███████▊  | 179/228 [00:52<00:13,  3.51it/s]
 79%|███████▉  | 180/228 [00:52<00:14,  3.39it/s]
 79%|███████▉  | 181/228 [00:52<00:13,  3.36it/s]
 80%|███████▉  | 182/228 [00:53<00:13,  3.43it/s]
 80%|████████  | 183/228 [00:53<00:12,  3.50it/s]
 81%|████████  | 184/228 [00:53<00:12,  3.49it/s]
 81%|████████  | 185/228 [00:54<00:12,  3.46it/s]
 82%|████████▏ | 186/228 [00:54<00:12,  3.42it/s]
 82%|████████▏ | 187/228 [00:54<00:12,  3.37it/s]
 82%|████████▏ | 188/228 [00:54<00:11,  3.36it/s]
 83%|████████▎ | 189/228 [00:55<00:11,  3.43it/s]
 83%|████████▎ | 190/228 [00:55<00:11,  3.42it/s]
 84%|████████▍ | 191/228 [00:55<00:10,  3.48it/s]
 84%|████████▍ | 192/228 [00:56<00:10,  3.47it/s]
 85%|████████▍ | 193/228 [00:56<00:09,  3.51it/s]
 85%|████████▌ | 194/228 [00:56<00:09,  3.48it/s]
 86%|████████▌ | 195/228 [00:56<00:09,  3.46it/s]
 86%|████████▌ | 196/228 [00:57<00:09,  3.54it/s]
 86%|████████▋ | 197/228 [00:57<00:08,  3.51it/s]
 87%|████████▋ | 198/228 [00:57<00:08,  3.46it/s]
 87%|████████▋ | 199/228 [00:58<00:08,  3.45it/s]
 88%|████████▊ | 200/228 [00:58<00:08,  3.46it/s]
 88%|████████▊ | 201/228 [00:58<00:08,  3.34it/s]
 89%|████████▊ | 202/228 [00:59<00:07,  3.28it/s]
 89%|████████▉ | 203/228 [00:59<00:07,  3.42it/s]
 89%|████████▉ | 204/228 [00:59<00:06,  3.44it/s]
 90%|████████▉ | 205/228 [00:59<00:06,  3.45it/s]
 90%|█████████ | 206/228 [01:00<00:06,  3.52it/s]
 91%|█████████ | 207/228 [01:00<00:06,  3.36it/s]
 91%|█████████ | 208/228 [01:00<00:05,  3.42it/s]
 92%|█████████▏| 209/228 [01:01<00:05,  3.45it/s]
 92%|█████████▏| 210/228 [01:01<00:05,  3.47it/s]
 93%|█████████▎| 211/228 [01:01<00:04,  3.47it/s]
 93%|█████████▎| 212/228 [01:01<00:04,  3.52it/s]
 93%|█████████▎| 213/228 [01:02<00:04,  3.51it/s]
 94%|█████████▍| 214/228 [01:02<00:04,  3.34it/s]
 94%|█████████▍| 215/228 [01:02<00:03,  3.44it/s]
 95%|█████████▍| 216/228 [01:03<00:03,  3.55it/s]
 95%|█████████▌| 217/228 [01:03<00:03,  3.61it/s]
 96%|█████████▌| 218/228 [01:03<00:02,  3.59it/s]
 96%|█████████▌| 219/228 [01:03<00:02,  3.46it/s]
 96%|█████████▋| 220/228 [01:04<00:02,  3.54it/s]
 97%|█████████▋| 221/228 [01:04<00:01,  3.52it/s]
 97%|█████████▋| 222/228 [01:04<00:01,  3.60it/s]
 98%|█████████▊| 223/228 [01:04<00:01,  3.56it/s]
 98%|█████████▊| 224/228 [01:05<00:01,  3.51it/s]
 99%|█████████▊| 225/228 [01:05<00:00,  3.37it/s]
 99%|█████████▉| 226/228 [01:05<00:00,  3.30it/s]
100%|█████████▉| 227/228 [01:06<00:00,  3.42it/s]
100%|██████████| 228/228 [01:06<00:00,  3.48it/s]
100%|██████████| 228/228 [01:06<00:00,  3.43it/s]

  0%|          | 0/14 [00:00<?, ?it/s]
100%|██████████| 14/14 [00:00<00:00, 853.00it/s]
==================================================

=== RUNNING: python truthfulqa.py facebook/opt-350m ===
Testing model facebook/opt-350m on TruthfulQA...
Done. Accuracy: 0.2543859649122807
Device set to use cuda:0

  0%|          | 0/228 [00:00<?, ?it/s]Asking to truncate to max_length but no maximum length is provided and the model has no predefined maximum length. Default to no truncation.

  0%|          | 1/228 [00:00<01:51,  2.03it/s]
  1%|          | 2/228 [00:00<01:30,  2.49it/s]
  1%|▏         | 3/228 [00:01<01:23,  2.69it/s]
  2%|▏         | 4/228 [00:01<01:20,  2.79it/s]
  2%|▏         | 5/228 [00:01<01:17,  2.89it/s]
  3%|▎         | 6/228 [00:02<01:16,  2.89it/s]
  3%|▎         | 7/228 [00:02<01:15,  2.93it/s]
  4%|▎         | 8/228 [00:02<01:16,  2.86it/s]
  4%|▍         | 9/228 [00:03<01:14,  2.94it/s]
  4%|▍         | 10/228 [00:03<01:14,  2.91it/s]You seem to be using the pipelines sequentially on GPU. In order to maximize efficiency please use a dataset

  5%|▍         | 11/228 [00:03<01:14,  2.93it/s]
  5%|▌         | 12/228 [00:04<01:12,  2.97it/s]
  6%|▌         | 13/228 [00:04<01:10,  3.04it/s]
  6%|▌         | 14/228 [00:04<01:10,  3.02it/s]
  7%|▋         | 15/228 [00:05<01:10,  3.02it/s]
  7%|▋         | 16/228 [00:05<01:11,  2.96it/s]
  7%|▋         | 17/228 [00:05<01:11,  2.94it/s]
  8%|▊         | 18/228 [00:06<01:10,  3.00it/s]
  8%|▊         | 19/228 [00:06<01:09,  2.99it/s]
  9%|▉         | 20/228 [00:06<01:10,  2.95it/s]
  9%|▉         | 21/228 [00:07<01:11,  2.90it/s]
 10%|▉         | 22/228 [00:07<01:09,  2.96it/s]
 10%|█         | 23/228 [00:07<01:08,  2.98it/s]
 11%|█         | 24/228 [00:08<01:09,  2.94it/s]
 11%|█         | 25/228 [00:08<01:08,  2.96it/s]
 11%|█▏        | 26/228 [00:08<01:07,  2.99it/s]
 12%|█▏        | 27/228 [00:09<01:07,  2.97it/s]
 12%|█▏        | 28/228 [00:09<01:06,  3.02it/s]
 13%|█▎        | 29/228 [00:09<01:06,  2.99it/s]
 13%|█▎        | 30/228 [00:10<01:08,  2.90it/s]
 14%|█▎        | 31/228 [00:10<01:06,  2.97it/s]
 14%|█▍        | 32/228 [00:10<01:05,  3.01it/s]
 14%|█▍        | 33/228 [00:11<01:05,  2.98it/s]
 15%|█▍        | 34/228 [00:11<01:05,  2.98it/s]
 15%|█▌        | 35/228 [00:11<01:05,  2.96it/s]
 16%|█▌        | 36/228 [00:12<01:06,  2.90it/s]
 16%|█▌        | 37/228 [00:12<01:05,  2.92it/s]
 17%|█▋        | 38/228 [00:12<01:04,  2.95it/s]
 17%|█▋        | 39/228 [00:13<01:03,  2.96it/s]
 18%|█▊        | 40/228 [00:13<01:03,  2.94it/s]
 18%|█▊        | 41/228 [00:13<01:03,  2.94it/s]
 18%|█▊        | 42/228 [00:14<01:02,  2.99it/s]
 19%|█▉        | 43/228 [00:14<01:01,  3.00it/s]
 19%|█▉        | 44/228 [00:14<01:02,  2.95it/s]
 20%|█▉        | 45/228 [00:15<01:01,  2.98it/s]
 20%|██        | 46/228 [00:15<01:00,  3.01it/s]
 21%|██        | 47/228 [00:15<01:00,  2.98it/s]
 21%|██        | 48/228 [00:16<01:01,  2.94it/s]
 21%|██▏       | 49/228 [00:16<01:00,  2.95it/s]
 22%|██▏       | 50/228 [00:16<00:59,  3.00it/s]
 22%|██▏       | 51/228 [00:17<01:00,  2.90it/s]
 23%|██▎       | 52/228 [00:17<01:01,  2.88it/s]
 23%|██▎       | 53/228 [00:18<00:59,  2.92it/s]
 24%|██▎       | 54/228 [00:18<00:59,  2.93it/s]
 24%|██▍       | 55/228 [00:18<00:59,  2.91it/s]
 25%|██▍       | 56/228 [00:19<00:59,  2.91it/s]
 25%|██▌       | 57/228 [00:19<00:57,  2.97it/s]
 25%|██▌       | 58/228 [00:19<00:57,  2.98it/s]
 26%|██▌       | 59/228 [00:20<00:58,  2.91it/s]
 26%|██▋       | 60/228 [00:20<00:56,  2.95it/s]
 27%|██▋       | 61/228 [00:20<00:55,  3.00it/s]
 27%|██▋       | 62/228 [00:21<00:54,  3.04it/s]
 28%|██▊       | 63/228 [00:21<00:55,  2.98it/s]
 28%|██▊       | 64/228 [00:21<00:54,  2.99it/s]
 29%|██▊       | 65/228 [00:22<00:54,  2.98it/s]
 29%|██▉       | 66/228 [00:22<00:53,  3.01it/s]
 29%|██▉       | 67/228 [00:22<00:52,  3.05it/s]
 30%|██▉       | 68/228 [00:23<00:53,  3.01it/s]
 30%|███       | 69/228 [00:23<00:53,  2.99it/s]
 31%|███       | 70/228 [00:23<00:52,  2.99it/s]
 31%|███       | 71/228 [00:24<00:52,  3.00it/s]
 32%|███▏      | 72/228 [00:24<00:51,  3.04it/s]
 32%|███▏      | 73/228 [00:24<00:51,  3.04it/s]
 32%|███▏      | 74/228 [00:25<00:50,  3.06it/s]
 33%|███▎      | 75/228 [00:25<00:49,  3.06it/s]
 33%|███▎      | 76/228 [00:25<00:50,  3.04it/s]
 34%|███▍      | 77/228 [00:26<00:49,  3.04it/s]
 34%|███▍      | 78/228 [00:26<00:51,  2.94it/s]
 35%|███▍      | 79/228 [00:26<00:50,  2.93it/s]
 35%|███▌      | 80/228 [00:27<00:50,  2.92it/s]
 36%|███▌      | 81/228 [00:27<00:50,  2.91it/s]
 36%|███▌      | 82/228 [00:27<00:50,  2.91it/s]
 36%|███▋      | 83/228 [00:28<00:49,  2.92it/s]
 37%|███▋      | 84/228 [00:28<00:49,  2.92it/s]
 37%|███▋      | 85/228 [00:28<00:49,  2.91it/s]
 38%|███▊      | 86/228 [00:29<00:49,  2.89it/s]
 38%|███▊      | 87/228 [00:29<00:48,  2.92it/s]
 39%|███▊      | 88/228 [00:29<00:47,  2.92it/s]
 39%|███▉      | 89/228 [00:30<00:47,  2.93it/s]
 39%|███▉      | 90/228 [00:30<00:48,  2.85it/s]
 40%|███▉      | 91/228 [00:30<00:47,  2.91it/s]
 40%|████      | 92/228 [00:31<00:46,  2.95it/s]
 41%|████      | 93/228 [00:31<00:45,  2.98it/s]
 41%|████      | 94/228 [00:31<00:44,  3.01it/s]
 42%|████▏     | 95/228 [00:32<00:43,  3.05it/s]
 42%|████▏     | 96/228 [00:32<00:44,  2.98it/s]
 43%|████▎     | 97/228 [00:32<00:43,  2.98it/s]
 43%|████▎     | 98/228 [00:33<00:43,  3.00it/s]
 43%|████▎     | 99/228 [00:33<00:43,  2.95it/s]
 44%|████▍     | 100/228 [00:33<00:43,  2.95it/s]
 44%|████▍     | 101/228 [00:34<00:42,  2.96it/s]
 45%|████▍     | 102/228 [00:34<00:43,  2.92it/s]
 45%|████▌     | 103/228 [00:34<00:42,  2.93it/s]
 46%|████▌     | 104/228 [00:35<00:42,  2.93it/s]
 46%|████▌     | 105/228 [00:35<00:42,  2.93it/s]
 46%|████▋     | 106/228 [00:35<00:41,  2.94it/s]
 47%|████▋     | 107/228 [00:36<00:41,  2.94it/s]
 47%|████▋     | 108/228 [00:36<00:41,  2.92it/s]
 48%|████▊     | 109/228 [00:36<00:40,  2.93it/s]
 48%|████▊     | 110/228 [00:37<00:40,  2.91it/s]
 49%|████▊     | 111/228 [00:37<00:40,  2.91it/s]
 49%|████▉     | 112/228 [00:37<00:39,  2.91it/s]
 50%|████▉     | 113/228 [00:38<00:38,  2.98it/s]
 50%|█████     | 114/228 [00:38<00:38,  2.94it/s]
 50%|█████     | 115/228 [00:39<00:38,  2.93it/s]
 51%|█████     | 116/228 [00:39<00:37,  2.97it/s]
 51%|█████▏    | 117/228 [00:39<00:37,  2.97it/s]
 52%|█████▏    | 118/228 [00:40<00:37,  2.97it/s]
 52%|█████▏    | 119/228 [00:40<00:36,  3.01it/s]
 53%|█████▎    | 120/228 [00:40<00:35,  3.02it/s]
 53%|█████▎    | 121/228 [00:40<00:35,  2.99it/s]
 54%|█████▎    | 122/228 [00:41<00:35,  2.95it/s]
 54%|█████▍    | 123/228 [00:41<00:36,  2.84it/s]
 54%|█████▍    | 124/228 [00:42<00:35,  2.90it/s]
 55%|█████▍    | 125/228 [00:42<00:35,  2.93it/s]
 55%|█████▌    | 126/228 [00:42<00:35,  2.90it/s]
 56%|█████▌    | 127/228 [00:43<00:33,  2.97it/s]
 56%|█████▌    | 128/228 [00:43<00:33,  2.96it/s]
 57%|█████▋    | 129/228 [00:43<00:33,  2.99it/s]
 57%|█████▋    | 130/228 [00:44<00:33,  2.92it/s]
 57%|█████▋    | 131/228 [00:44<00:33,  2.93it/s]
 58%|█████▊    | 132/228 [00:44<00:32,  2.94it/s]
 58%|█████▊    | 133/228 [00:45<00:31,  3.00it/s]
 59%|█████▉    | 134/228 [00:45<00:32,  2.92it/s]
 59%|█████▉    | 135/228 [00:45<00:31,  2.96it/s]
 60%|█████▉    | 136/228 [00:46<00:31,  2.95it/s]
 60%|██████    | 137/228 [00:46<00:30,  3.01it/s]
 61%|██████    | 138/228 [00:46<00:29,  3.06it/s]
 61%|██████    | 139/228 [00:47<00:29,  3.02it/s]
 61%|██████▏   | 140/228 [00:47<00:29,  2.99it/s]
 62%|██████▏   | 141/228 [00:47<00:29,  2.98it/s]
 62%|██████▏   | 142/228 [00:48<00:28,  2.97it/s]
 63%|██████▎   | 143/228 [00:48<00:28,  3.00it/s]
 63%|██████▎   | 144/228 [00:48<00:29,  2.88it/s]
 64%|██████▎   | 145/228 [00:49<00:28,  2.94it/s]
 64%|██████▍   | 146/228 [00:49<00:27,  2.95it/s]
 64%|██████▍   | 147/228 [00:49<00:26,  3.01it/s]
 65%|██████▍   | 148/228 [00:50<00:26,  3.00it/s]
 65%|██████▌   | 149/228 [00:50<00:26,  3.01it/s]
 66%|██████▌   | 150/228 [00:50<00:26,  2.96it/s]
 66%|██████▌   | 151/228 [00:51<00:25,  2.96it/s]
 67%|██████▋   | 152/228 [00:51<00:25,  3.01it/s]
 67%|██████▋   | 153/228 [00:51<00:24,  3.03it/s]
 68%|██████▊   | 154/228 [00:52<00:24,  3.01it/s]
 68%|██████▊   | 155/228 [00:52<00:24,  2.97it/s]
 68%|██████▊   | 156/228 [00:52<00:24,  2.99it/s]
 69%|██████▉   | 157/228 [00:53<00:23,  2.97it/s]
 69%|██████▉   | 158/228 [00:53<00:23,  3.00it/s]
 70%|██████▉   | 159/228 [00:53<00:23,  2.97it/s]
 70%|███████   | 160/228 [00:54<00:23,  2.90it/s]
 71%|███████   | 161/228 [00:54<00:22,  2.92it/s]
 71%|███████   | 162/228 [00:54<00:22,  2.96it/s]
 71%|███████▏  | 163/228 [00:55<00:21,  2.96it/s]
 72%|███████▏  | 164/228 [00:55<00:21,  2.96it/s]
 72%|███████▏  | 165/228 [00:55<00:21,  2.87it/s]
 73%|███████▎  | 166/228 [00:56<00:21,  2.91it/s]
 73%|███████▎  | 167/228 [00:56<00:21,  2.88it/s]
 74%|███████▎  | 168/228 [00:56<00:20,  2.89it/s]
 74%|███████▍  | 169/228 [00:57<00:20,  2.93it/s]
 75%|███████▍  | 170/228 [00:57<00:19,  2.95it/s]
 75%|███████▌  | 171/228 [00:57<00:19,  2.99it/s]
 75%|███████▌  | 172/228 [00:58<00:18,  3.02it/s]
 76%|███████▌  | 173/228 [00:58<00:18,  3.02it/s]
 76%|███████▋  | 174/228 [00:58<00:17,  3.02it/s]
 77%|███████▋  | 175/228 [00:59<00:17,  3.00it/s]
 77%|███████▋  | 176/228 [00:59<00:17,  3.01it/s]
 78%|███████▊  | 177/228 [00:59<00:17,  2.97it/s]
 78%|███████▊  | 178/228 [01:00<00:16,  3.01it/s]
 79%|███████▊  | 179/228 [01:00<00:16,  2.95it/s]
 79%|███████▉  | 180/228 [01:00<00:16,  2.87it/s]
 79%|███████▉  | 181/228 [01:01<00:16,  2.85it/s]
 80%|███████▉  | 182/228 [01:01<00:16,  2.85it/s]
 80%|████████  | 183/228 [01:02<00:15,  2.86it/s]
 81%|████████  | 184/228 [01:02<00:15,  2.88it/s]
 81%|████████  | 185/228 [01:02<00:14,  2.88it/s]
 82%|████████▏ | 186/228 [01:03<00:14,  2.82it/s]
 82%|████████▏ | 187/228 [01:03<00:14,  2.81it/s]
 82%|████████▏ | 188/228 [01:03<00:14,  2.82it/s]
 83%|████████▎ | 189/228 [01:04<00:13,  2.87it/s]
 83%|████████▎ | 190/228 [01:04<00:13,  2.87it/s]
 84%|████████▍ | 191/228 [01:04<00:12,  2.91it/s]
 84%|████████▍ | 192/228 [01:05<00:12,  2.90it/s]
 85%|████████▍ | 193/228 [01:05<00:12,  2.88it/s]
 85%|████████▌ | 194/228 [01:05<00:11,  2.89it/s]
 86%|████████▌ | 195/228 [01:06<00:11,  2.87it/s]
 86%|████████▌ | 196/228 [01:06<00:10,  2.94it/s]
 86%|████████▋ | 197/228 [01:06<00:10,  2.92it/s]
 87%|████████▋ | 198/228 [01:07<00:10,  2.89it/s]
 87%|████████▋ | 199/228 [01:07<00:10,  2.88it/s]
 88%|████████▊ | 200/228 [01:07<00:09,  2.89it/s]
 88%|████████▊ | 201/228 [01:08<00:09,  2.86it/s]
 89%|████████▊ | 202/228 [01:08<00:09,  2.86it/s]
 89%|████████▉ | 203/228 [01:08<00:08,  2.94it/s]
 89%|████████▉ | 204/228 [01:09<00:08,  2.92it/s]
 90%|████████▉ | 205/228 [01:09<00:07,  2.89it/s]
 90%|█████████ | 206/228 [01:09<00:07,  2.94it/s]
 91%|█████████ | 207/228 [01:10<00:07,  2.88it/s]
 91%|█████████ | 208/228 [01:10<00:06,  2.95it/s]
 92%|█████████▏| 209/228 [01:10<00:06,  2.96it/s]
 92%|█████████▏| 210/228 [01:11<00:05,  3.01it/s]
 93%|█████████▎| 211/228 [01:11<00:05,  3.02it/s]
 93%|█████████▎| 212/228 [01:11<00:05,  3.01it/s]
 93%|█████████▎| 213/228 [01:12<00:04,  3.02it/s]
 94%|█████████▍| 214/228 [01:12<00:04,  2.89it/s]
 94%|█████████▍| 215/228 [01:12<00:04,  2.94it/s]
 95%|█████████▍| 216/228 [01:13<00:03,  3.00it/s]
 95%|█████████▌| 217/228 [01:13<00:03,  3.03it/s]
 96%|█████████▌| 218/228 [01:13<00:03,  3.05it/s]
 96%|█████████▌| 219/228 [01:14<00:03,  2.97it/s]
 96%|█████████▋| 220/228 [01:14<00:02,  2.96it/s]
 97%|█████████▋| 221/228 [01:14<00:02,  2.99it/s]
 97%|█████████▋| 222/228 [01:15<00:02,  2.99it/s]
 98%|█████████▊| 223/228 [01:15<00:01,  3.01it/s]
 98%|█████████▊| 224/228 [01:16<00:01,  2.94it/s]
 99%|█████████▊| 225/228 [01:16<00:01,  2.89it/s]
 99%|█████████▉| 226/228 [01:16<00:00,  2.83it/s]
100%|█████████▉| 227/228 [01:17<00:00,  2.87it/s]
100%|██████████| 228/228 [01:17<00:00,  2.93it/s]
100%|██████████| 228/228 [01:17<00:00,  2.95it/s]

  0%|          | 0/14 [00:00<?, ?it/s]
100%|██████████| 14/14 [00:00<00:00, 971.84it/s]
==================================================

=== RUNNING: python truthfulqa.py facebook/opt-1.3b ===
Testing model facebook/opt-1.3b on TruthfulQA...
Done. Accuracy: 0.2631578947368421
Device set to use cuda:0

  0%|          | 0/228 [00:00<?, ?it/s]Asking to truncate to max_length but no maximum length is provided and the model has no predefined maximum length. Default to no truncation.

  0%|          | 1/228 [00:00<03:04,  1.23it/s]
  1%|          | 2/228 [00:01<02:34,  1.46it/s]
  1%|▏         | 3/228 [00:01<02:22,  1.58it/s]
  2%|▏         | 4/228 [00:02<02:20,  1.60it/s]
  2%|▏         | 5/228 [00:03<02:16,  1.63it/s]
  3%|▎         | 6/228 [00:03<02:14,  1.65it/s]
  3%|▎         | 7/228 [00:04<02:12,  1.67it/s]
  4%|▎         | 8/228 [00:04<02:14,  1.64it/s]
  4%|▍         | 9/228 [00:05<02:11,  1.67it/s]
  4%|▍         | 10/228 [00:06<02:12,  1.65it/s]You seem to be using the pipelines sequentially on GPU. In order to maximize efficiency please use a dataset

  5%|▍         | 11/228 [00:06<02:10,  1.66it/s]
  5%|▌         | 12/228 [00:07<02:09,  1.66it/s]
  6%|▌         | 13/228 [00:07<02:05,  1.71it/s]
  6%|▌         | 14/228 [00:08<02:05,  1.71it/s]
  7%|▋         | 15/228 [00:09<02:05,  1.70it/s]
  7%|▋         | 16/228 [00:09<02:05,  1.68it/s]
  7%|▋         | 17/228 [00:10<02:05,  1.68it/s]
  8%|▊         | 18/228 [00:10<02:04,  1.68it/s]
  8%|▊         | 19/228 [00:11<02:03,  1.70it/s]
  9%|▉         | 20/228 [00:12<02:03,  1.69it/s]
  9%|▉         | 21/228 [00:12<02:04,  1.66it/s]
 10%|▉         | 22/228 [00:13<02:02,  1.68it/s]
 10%|█         | 23/228 [00:13<02:02,  1.67it/s]
 11%|█         | 24/228 [00:14<02:02,  1.66it/s]
 11%|█         | 25/228 [00:15<02:01,  1.67it/s]
 11%|█▏        | 26/228 [00:15<02:01,  1.67it/s]
 12%|█▏        | 27/228 [00:16<01:59,  1.69it/s]
 12%|█▏        | 28/228 [00:16<01:57,  1.70it/s]
 13%|█▎        | 29/228 [00:17<01:57,  1.69it/s]
 13%|█▎        | 30/228 [00:18<01:59,  1.65it/s]
 14%|█▎        | 31/228 [00:18<01:57,  1.68it/s]
 14%|█▍        | 32/228 [00:19<01:55,  1.70it/s]
 14%|█▍        | 33/228 [00:19<01:55,  1.69it/s]
 15%|█▍        | 34/228 [00:20<01:54,  1.70it/s]
 15%|█▌        | 35/228 [00:21<01:54,  1.69it/s]
 16%|█▌        | 36/228 [00:21<01:54,  1.67it/s]
 16%|█▌        | 37/228 [00:22<01:53,  1.68it/s]
 17%|█▋        | 38/228 [00:22<01:52,  1.69it/s]
 17%|█▋        | 39/228 [00:23<01:52,  1.68it/s]
 18%|█▊        | 40/228 [00:24<01:52,  1.66it/s]
 18%|█▊        | 41/228 [00:24<01:52,  1.66it/s]
 18%|█▊        | 42/228 [00:25<01:50,  1.68it/s]
 19%|█▉        | 43/228 [00:25<01:49,  1.69it/s]
 19%|█▉        | 44/228 [00:26<01:49,  1.68it/s]
 20%|█▉        | 45/228 [00:26<01:48,  1.68it/s]
 20%|██        | 46/228 [00:27<01:47,  1.69it/s]
 21%|██        | 47/228 [00:28<01:46,  1.69it/s]
 21%|██        | 48/228 [00:28<01:48,  1.66it/s]
 21%|██▏       | 49/228 [00:29<01:46,  1.68it/s]
 22%|██▏       | 50/228 [00:29<01:44,  1.70it/s]
 22%|██▏       | 51/228 [00:30<01:46,  1.67it/s]
 23%|██▎       | 52/228 [00:31<01:46,  1.65it/s]
 23%|██▎       | 53/228 [00:31<01:45,  1.65it/s]
 24%|██▎       | 54/228 [00:32<01:44,  1.66it/s]
 24%|██▍       | 55/228 [00:33<01:45,  1.63it/s]
 25%|██▍       | 56/228 [00:33<01:45,  1.63it/s]
 25%|██▌       | 57/228 [00:34<01:42,  1.66it/s]
 25%|██▌       | 58/228 [00:34<01:41,  1.67it/s]
 26%|██▌       | 59/228 [00:35<01:41,  1.66it/s]
 26%|██▋       | 60/228 [00:36<01:40,  1.67it/s]
 27%|██▋       | 61/228 [00:36<01:39,  1.67it/s]
 27%|██▋       | 62/228 [00:37<01:38,  1.68it/s]
 28%|██▊       | 63/228 [00:37<01:37,  1.68it/s]
 28%|██▊       | 64/228 [00:38<01:37,  1.68it/s]
 29%|██▊       | 65/228 [00:38<01:37,  1.68it/s]
 29%|██▉       | 66/228 [00:39<01:37,  1.67it/s]
 29%|██▉       | 67/228 [00:40<01:35,  1.68it/s]
 30%|██▉       | 68/228 [00:40<01:34,  1.69it/s]
 30%|███       | 69/228 [00:41<01:34,  1.68it/s]
 31%|███       | 70/228 [00:41<01:33,  1.69it/s]
 31%|███       | 71/228 [00:42<01:33,  1.68it/s]
 32%|███▏      | 72/228 [00:43<01:31,  1.70it/s]
 32%|███▏      | 73/228 [00:43<01:30,  1.72it/s]
 32%|███▏      | 74/228 [00:44<01:29,  1.72it/s]
 33%|███▎      | 75/228 [00:44<01:28,  1.72it/s]
 33%|███▎      | 76/228 [00:45<01:29,  1.71it/s]
 34%|███▍      | 77/228 [00:46<01:27,  1.72it/s]
 34%|███▍      | 78/228 [00:46<01:29,  1.68it/s]
 35%|███▍      | 79/228 [00:47<01:28,  1.68it/s]
 35%|███▌      | 80/228 [00:47<01:29,  1.65it/s]
 36%|███▌      | 81/228 [00:48<01:28,  1.66it/s]
 36%|███▌      | 82/228 [00:49<01:27,  1.67it/s]
 36%|███▋      | 83/228 [00:49<01:26,  1.68it/s]
 37%|███▋      | 84/228 [00:50<01:25,  1.68it/s]
 37%|███▋      | 85/228 [00:50<01:24,  1.70it/s]
 38%|███▊      | 86/228 [00:51<01:23,  1.69it/s]
 38%|███▊      | 87/228 [00:52<01:23,  1.68it/s]
 39%|███▊      | 88/228 [00:52<01:23,  1.68it/s]
 39%|███▉      | 89/228 [00:53<01:22,  1.67it/s]
 39%|███▉      | 90/228 [00:53<01:23,  1.65it/s]
 40%|███▉      | 91/228 [00:54<01:22,  1.65it/s]
 40%|████      | 92/228 [00:55<01:22,  1.66it/s]
 41%|████      | 93/228 [00:55<01:20,  1.67it/s]
 41%|████      | 94/228 [00:56<01:20,  1.67it/s]
 42%|████▏     | 95/228 [00:56<01:19,  1.68it/s]
 42%|████▏     | 96/228 [00:57<01:19,  1.66it/s]
 43%|████▎     | 97/228 [00:58<01:18,  1.68it/s]
 43%|████▎     | 98/228 [00:58<01:16,  1.69it/s]
 43%|████▎     | 99/228 [00:59<01:16,  1.69it/s]
 44%|████▍     | 100/228 [00:59<01:15,  1.69it/s]
 44%|████▍     | 101/228 [01:00<01:15,  1.69it/s]
 45%|████▍     | 102/228 [01:01<01:16,  1.65it/s]
 45%|████▌     | 103/228 [01:01<01:15,  1.65it/s]
 46%|████▌     | 104/228 [01:02<01:14,  1.66it/s]
 46%|████▌     | 105/228 [01:02<01:13,  1.67it/s]
 46%|████▋     | 106/228 [01:03<01:12,  1.68it/s]
 47%|████▋     | 107/228 [01:03<01:11,  1.69it/s]
 47%|████▋     | 108/228 [01:04<01:10,  1.69it/s]
 48%|████▊     | 109/228 [01:05<01:10,  1.69it/s]
 48%|████▊     | 110/228 [01:05<01:10,  1.67it/s]
 49%|████▊     | 111/228 [01:06<01:09,  1.68it/s]
 49%|████▉     | 112/228 [01:06<01:08,  1.69it/s]
 50%|████▉     | 113/228 [01:07<01:07,  1.71it/s]
 50%|█████     | 114/228 [01:08<01:07,  1.68it/s]
 50%|█████     | 115/228 [01:08<01:07,  1.68it/s]
 51%|█████     | 116/228 [01:09<01:06,  1.69it/s]
 51%|█████▏    | 117/228 [01:09<01:06,  1.67it/s]
 52%|█████▏    | 118/228 [01:10<01:05,  1.69it/s]
 52%|█████▏    | 119/228 [01:11<01:03,  1.71it/s]
 53%|█████▎    | 120/228 [01:11<01:03,  1.71it/s]
 53%|█████▎    | 121/228 [01:12<01:03,  1.69it/s]
 54%|█████▎    | 122/228 [01:12<01:02,  1.69it/s]
 54%|█████▍    | 123/228 [01:13<01:05,  1.61it/s]
 54%|█████▍    | 124/228 [01:14<01:03,  1.64it/s]
 55%|█████▍    | 125/228 [01:14<01:02,  1.64it/s]
 55%|█████▌    | 126/228 [01:15<01:01,  1.65it/s]
 56%|█████▌    | 127/228 [01:15<01:00,  1.68it/s]
 56%|█████▌    | 128/228 [01:16<00:59,  1.69it/s]
 57%|█████▋    | 129/228 [01:17<00:58,  1.70it/s]
 57%|█████▋    | 130/228 [01:17<00:59,  1.64it/s]
 57%|█████▋    | 131/228 [01:18<00:58,  1.65it/s]
 58%|█████▊    | 132/228 [01:18<00:58,  1.64it/s]
 58%|█████▊    | 133/228 [01:19<00:56,  1.68it/s]
 59%|█████▉    | 134/228 [01:20<00:56,  1.65it/s]
 59%|█████▉    | 135/228 [01:20<00:56,  1.66it/s]
 60%|█████▉    | 136/228 [01:21<00:55,  1.67it/s]
 60%|██████    | 137/228 [01:21<00:53,  1.70it/s]
 61%|██████    | 138/228 [01:22<00:52,  1.72it/s]
 61%|██████    | 139/228 [01:23<00:51,  1.72it/s]
 61%|██████▏   | 140/228 [01:23<00:51,  1.71it/s]
 62%|██████▏   | 141/228 [01:24<00:51,  1.69it/s]
 62%|██████▏   | 142/228 [01:24<00:50,  1.70it/s]
 63%|██████▎   | 143/228 [01:25<00:49,  1.71it/s]
 63%|██████▎   | 144/228 [01:26<00:51,  1.63it/s]
 64%|██████▎   | 145/228 [01:26<00:50,  1.64it/s]
 64%|██████▍   | 146/228 [01:27<00:49,  1.65it/s]
 64%|██████▍   | 147/228 [01:27<00:48,  1.67it/s]
 65%|██████▍   | 148/228 [01:28<00:47,  1.68it/s]
 65%|██████▌   | 149/228 [01:29<00:47,  1.68it/s]
 66%|██████▌   | 150/228 [01:29<00:46,  1.67it/s]
 66%|██████▌   | 151/228 [01:30<00:45,  1.69it/s]
 67%|██████▋   | 152/228 [01:30<00:44,  1.70it/s]
 67%|██████▋   | 153/228 [01:31<00:44,  1.70it/s]
 68%|██████▊   | 154/228 [01:31<00:43,  1.69it/s]
 68%|██████▊   | 155/228 [01:32<00:43,  1.69it/s]
 68%|██████▊   | 156/228 [01:33<00:42,  1.69it/s]
 69%|██████▉   | 157/228 [01:33<00:42,  1.68it/s]
 69%|██████▉   | 158/228 [01:34<00:41,  1.68it/s]
 70%|██████▉   | 159/228 [01:34<00:40,  1.70it/s]
 70%|███████   | 160/228 [01:35<00:40,  1.66it/s]
 71%|███████   | 161/228 [01:36<00:40,  1.67it/s]
 71%|███████   | 162/228 [01:36<00:39,  1.68it/s]
 71%|███████▏  | 163/228 [01:37<00:38,  1.68it/s]
 72%|███████▏  | 164/228 [01:37<00:37,  1.69it/s]
 72%|███████▏  | 165/228 [01:38<00:38,  1.65it/s]
 73%|███████▎  | 166/228 [01:39<00:37,  1.66it/s]
 73%|███████▎  | 167/228 [01:39<00:36,  1.65it/s]
 74%|███████▎  | 168/228 [01:40<00:36,  1.66it/s]
 74%|███████▍  | 169/228 [01:40<00:35,  1.67it/s]
 75%|███████▍  | 170/228 [01:41<00:34,  1.68it/s]
 75%|███████▌  | 171/228 [01:42<00:33,  1.69it/s]
 75%|███████▌  | 172/228 [01:42<00:33,  1.69it/s]
 76%|███████▌  | 173/228 [01:43<00:32,  1.71it/s]
 76%|███████▋  | 174/228 [01:43<00:31,  1.71it/s]
 77%|███████▋  | 175/228 [01:44<00:31,  1.70it/s]
 77%|███████▋  | 176/228 [01:45<00:30,  1.70it/s]
 78%|███████▊  | 177/228 [01:45<00:30,  1.67it/s]
 78%|███████▊  | 178/228 [01:46<00:29,  1.68it/s]
 79%|███████▊  | 179/228 [01:46<00:29,  1.66it/s]
 79%|███████▉  | 180/228 [01:47<00:29,  1.64it/s]
 79%|███████▉  | 181/228 [01:48<00:28,  1.65it/s]
 80%|███████▉  | 182/228 [01:48<00:27,  1.66it/s]
 80%|████████  | 183/228 [01:49<00:26,  1.68it/s]
 81%|████████  | 184/228 [01:49<00:26,  1.68it/s]
 81%|████████  | 185/228 [01:50<00:25,  1.67it/s]
 82%|████████▏ | 186/228 [01:51<00:25,  1.64it/s]
 82%|████████▏ | 187/228 [01:51<00:25,  1.63it/s]
 82%|████████▏ | 188/228 [01:52<00:24,  1.63it/s]
 83%|████████▎ | 189/228 [01:52<00:23,  1.64it/s]
 83%|████████▎ | 190/228 [01:53<00:22,  1.67it/s]
 84%|████████▍ | 191/228 [01:54<00:22,  1.66it/s]
 84%|████████▍ | 192/228 [01:54<00:21,  1.66it/s]
 85%|████████▍ | 193/228 [01:55<00:21,  1.65it/s]
 85%|████████▌ | 194/228 [01:55<00:20,  1.65it/s]
 86%|████████▌ | 195/228 [01:56<00:19,  1.65it/s]
 86%|████████▌ | 196/228 [01:57<00:19,  1.67it/s]
 86%|████████▋ | 197/228 [01:57<00:18,  1.67it/s]
 87%|████████▋ | 198/228 [01:58<00:18,  1.66it/s]
 87%|████████▋ | 199/228 [01:58<00:17,  1.66it/s]
 88%|████████▊ | 200/228 [01:59<00:16,  1.69it/s]
 88%|████████▊ | 201/228 [02:00<00:16,  1.64it/s]
 89%|████████▊ | 202/228 [02:00<00:15,  1.64it/s]
 89%|████████▉ | 203/228 [02:01<00:15,  1.66it/s]
 89%|████████▉ | 204/228 [02:01<00:14,  1.66it/s]
 90%|████████▉ | 205/228 [02:02<00:13,  1.66it/s]
 90%|█████████ | 206/228 [02:03<00:13,  1.68it/s]
 91%|█████████ | 207/228 [02:03<00:12,  1.65it/s]
 91%|█████████ | 208/228 [02:04<00:11,  1.67it/s]
 92%|█████████▏| 209/228 [02:04<00:11,  1.67it/s]
 92%|█████████▏| 210/228 [02:05<00:10,  1.69it/s]
 93%|█████████▎| 211/228 [02:06<00:10,  1.68it/s]
 93%|█████████▎| 212/228 [02:06<00:09,  1.67it/s]
 93%|█████████▎| 213/228 [02:07<00:08,  1.69it/s]
 94%|█████████▍| 214/228 [02:08<00:08,  1.61it/s]
 94%|█████████▍| 215/228 [02:08<00:07,  1.64it/s]
 95%|█████████▍| 216/228 [02:09<00:07,  1.68it/s]
 95%|█████████▌| 217/228 [02:09<00:06,  1.68it/s]
 96%|█████████▌| 218/228 [02:10<00:05,  1.68it/s]
 96%|█████████▌| 219/228 [02:10<00:05,  1.66it/s]
 96%|█████████▋| 220/228 [02:11<00:04,  1.67it/s]
 97%|█████████▋| 221/228 [02:12<00:04,  1.68it/s]
 97%|█████████▋| 222/228 [02:12<00:03,  1.70it/s]
 98%|█████████▊| 223/228 [02:13<00:02,  1.70it/s]
 98%|█████████▊| 224/228 [02:13<00:02,  1.67it/s]
 99%|█████████▊| 225/228 [02:14<00:01,  1.63it/s]
 99%|█████████▉| 226/228 [02:15<00:01,  1.61it/s]
100%|█████████▉| 227/228 [02:15<00:00,  1.63it/s]
100%|██████████| 228/228 [02:16<00:00,  1.65it/s]
100%|██████████| 228/228 [02:16<00:00,  1.67it/s]

  0%|          | 0/14 [00:00<?, ?it/s]
100%|██████████| 14/14 [00:00<00:00, 949.61it/s]
==================================================

=== RUNNING: python truthfulqa.py facebook/opt-2.7b ===
Testing model facebook/opt-2.7b on TruthfulQA...
Done. Accuracy: 0.2543859649122807
Device set to use cuda:0

  0%|          | 0/228 [00:00<?, ?it/s]Asking to truncate to max_length but no maximum length is provided and the model has no predefined maximum length. Default to no truncation.

  0%|          | 1/228 [00:01<03:49,  1.01s/it]
  1%|          | 2/228 [00:01<03:29,  1.08it/s]
  1%|▏         | 3/228 [00:02<03:17,  1.14it/s]
  2%|▏         | 4/228 [00:03<03:20,  1.12it/s]
  2%|▏         | 5/228 [00:04<03:15,  1.14it/s]
  3%|▎         | 6/228 [00:05<03:11,  1.16it/s]
  3%|▎         | 7/228 [00:06<03:10,  1.16it/s]
  4%|▎         | 8/228 [00:07<03:21,  1.09it/s]
  4%|▍         | 9/228 [00:08<03:14,  1.12it/s]
  4%|▍         | 10/228 [00:09<03:22,  1.08it/s]You seem to be using the pipelines sequentially on GPU. In order to maximize efficiency please use a dataset

  5%|▍         | 11/228 [00:09<03:15,  1.11it/s]
  5%|▌         | 12/228 [00:10<03:11,  1.13it/s]
  6%|▌         | 13/228 [00:11<03:05,  1.16it/s]
  6%|▌         | 14/228 [00:12<03:03,  1.17it/s]
  7%|▋         | 15/228 [00:13<03:04,  1.16it/s]
  7%|▋         | 16/228 [00:14<03:09,  1.12it/s]
  7%|▋         | 17/228 [00:15<03:07,  1.13it/s]
  8%|▊         | 18/228 [00:15<03:03,  1.14it/s]
  8%|▊         | 19/228 [00:16<03:01,  1.15it/s]
  9%|▉         | 20/228 [00:17<03:05,  1.12it/s]
  9%|▉         | 21/228 [00:18<03:13,  1.07it/s]
 10%|▉         | 22/228 [00:19<03:06,  1.11it/s]
 10%|█         | 23/228 [00:20<03:02,  1.13it/s]
 11%|█         | 24/228 [00:21<03:04,  1.10it/s]
 11%|█         | 25/228 [00:22<02:58,  1.13it/s]
 11%|█▏        | 26/228 [00:23<02:57,  1.14it/s]
 12%|█▏        | 27/228 [00:23<02:54,  1.15it/s]
 12%|█▏        | 28/228 [00:24<02:51,  1.16it/s]
 13%|█▎        | 29/228 [00:25<02:55,  1.13it/s]
 13%|█▎        | 30/228 [00:26<03:02,  1.08it/s]
 14%|█▎        | 31/228 [00:27<02:57,  1.11it/s]
 14%|█▍        | 32/228 [00:28<02:52,  1.14it/s]
 14%|█▍        | 33/228 [00:29<02:50,  1.14it/s]
 15%|█▍        | 34/228 [00:30<02:47,  1.16it/s]
 15%|█▌        | 35/228 [00:30<02:46,  1.16it/s]
 16%|█▌        | 36/228 [00:31<02:54,  1.10it/s]
 16%|█▌        | 37/228 [00:32<02:48,  1.13it/s]
 17%|█▋        | 38/228 [00:33<02:45,  1.15it/s]
 17%|█▋        | 39/228 [00:34<02:48,  1.12it/s]
 18%|█▊        | 40/228 [00:35<02:55,  1.07it/s]
 18%|█▊        | 41/228 [00:36<02:50,  1.09it/s]
 18%|█▊        | 42/228 [00:37<02:45,  1.12it/s]
 19%|█▉        | 43/228 [00:38<02:41,  1.15it/s]
 19%|█▉        | 44/228 [00:39<02:45,  1.11it/s]
 20%|█▉        | 45/228 [00:39<02:41,  1.13it/s]
 20%|██        | 46/228 [00:40<02:38,  1.15it/s]
 21%|██        | 47/228 [00:41<02:36,  1.16it/s]
 21%|██        | 48/228 [00:42<02:43,  1.10it/s]
 21%|██▏       | 49/228 [00:43<02:38,  1.13it/s]
 22%|██▏       | 50/228 [00:44<02:34,  1.15it/s]
 22%|██▏       | 51/228 [00:45<02:41,  1.09it/s]
 23%|██▎       | 52/228 [00:46<02:42,  1.09it/s]
 23%|██▎       | 53/228 [00:47<02:37,  1.11it/s]
 24%|██▎       | 54/228 [00:47<02:34,  1.13it/s]
 24%|██▍       | 55/228 [00:49<02:39,  1.08it/s]
 25%|██▍       | 56/228 [00:50<02:43,  1.05it/s]
 25%|██▌       | 57/228 [00:50<02:36,  1.09it/s]
 25%|██▌       | 58/228 [00:51<02:32,  1.11it/s]
 26%|██▌       | 59/228 [00:52<02:34,  1.10it/s]
 26%|██▋       | 60/228 [00:53<02:30,  1.12it/s]
 27%|██▋       | 61/228 [00:54<02:26,  1.14it/s]
 27%|██▋       | 62/228 [00:55<02:23,  1.15it/s]
 28%|██▊       | 63/228 [00:56<02:22,  1.15it/s]
 28%|██▊       | 64/228 [00:56<02:21,  1.16it/s]
 29%|██▊       | 65/228 [00:57<02:25,  1.12it/s]
 29%|██▉       | 66/228 [00:58<02:22,  1.14it/s]
 29%|██▉       | 67/228 [00:59<02:19,  1.16it/s]
 30%|██▉       | 68/228 [01:00<02:18,  1.16it/s]
 30%|███       | 69/228 [01:01<02:22,  1.12it/s]
 31%|███       | 70/228 [01:02<02:18,  1.14it/s]
 31%|███       | 71/228 [01:03<02:17,  1.15it/s]
 32%|███▏      | 72/228 [01:03<02:14,  1.16it/s]
 32%|███▏      | 73/228 [01:04<02:11,  1.18it/s]
 32%|███▏      | 74/228 [01:05<02:10,  1.18it/s]
 33%|███▎      | 75/228 [01:06<02:09,  1.18it/s]
 33%|███▎      | 76/228 [01:07<02:08,  1.18it/s]
 34%|███▍      | 77/228 [01:08<02:07,  1.18it/s]
 34%|███▍      | 78/228 [01:09<02:15,  1.11it/s]
 35%|███▍      | 79/228 [01:10<02:16,  1.09it/s]
 35%|███▌      | 80/228 [01:11<02:20,  1.05it/s]
 36%|███▌      | 81/228 [01:11<02:15,  1.09it/s]
 36%|███▌      | 82/228 [01:12<02:11,  1.11it/s]
 36%|███▋      | 83/228 [01:13<02:07,  1.13it/s]
 37%|███▋      | 84/228 [01:14<02:09,  1.12it/s]
 37%|███▋      | 85/228 [01:15<02:05,  1.14it/s]
 38%|███▊      | 86/228 [01:16<02:03,  1.15it/s]
 38%|███▊      | 87/228 [01:17<02:01,  1.16it/s]
 39%|███▊      | 88/228 [01:18<02:04,  1.12it/s]
 39%|███▉      | 89/228 [01:19<02:06,  1.10it/s]
 39%|███▉      | 90/228 [01:20<02:10,  1.06it/s]
 40%|███▉      | 91/228 [01:20<02:06,  1.09it/s]
 40%|████      | 92/228 [01:21<02:02,  1.11it/s]
 41%|████      | 93/228 [01:22<01:59,  1.13it/s]
 41%|████      | 94/228 [01:23<01:56,  1.15it/s]
 42%|████▏     | 95/228 [01:24<01:54,  1.16it/s]
 42%|████▏     | 96/228 [01:25<02:00,  1.09it/s]
 43%|████▎     | 97/228 [01:26<01:57,  1.12it/s]
 43%|████▎     | 98/228 [01:27<01:54,  1.13it/s]
 43%|████▎     | 99/228 [01:27<01:53,  1.14it/s]
 44%|████▍     | 100/228 [01:28<01:50,  1.16it/s]
 44%|████▍     | 101/228 [01:29<01:48,  1.17it/s]
 45%|████▍     | 102/228 [01:30<01:53,  1.11it/s]
 45%|████▌     | 103/228 [01:31<01:54,  1.09it/s]
 46%|████▌     | 104/228 [01:32<01:52,  1.10it/s]
 46%|████▌     | 105/228 [01:33<01:48,  1.13it/s]
 46%|████▋     | 106/228 [01:34<01:46,  1.14it/s]
 47%|████▋     | 107/228 [01:34<01:44,  1.15it/s]
 47%|████▋     | 108/228 [01:35<01:43,  1.16it/s]
 48%|████▊     | 109/228 [01:36<01:42,  1.16it/s]
 48%|████▊     | 110/228 [01:37<01:43,  1.14it/s]
 49%|████▊     | 111/228 [01:38<01:42,  1.14it/s]
 49%|████▉     | 112/228 [01:39<01:40,  1.16it/s]
 50%|████▉     | 113/228 [01:40<01:38,  1.17it/s]
 50%|█████     | 114/228 [01:41<01:43,  1.11it/s]
 50%|█████     | 115/228 [01:42<01:40,  1.12it/s]
 51%|█████     | 116/228 [01:42<01:38,  1.14it/s]
 51%|█████▏    | 117/228 [01:43<01:39,  1.12it/s]
 52%|█████▏    | 118/228 [01:44<01:36,  1.14it/s]
 52%|█████▏    | 119/228 [01:45<01:34,  1.15it/s]
 53%|█████▎    | 120/228 [01:46<01:33,  1.15it/s]
 53%|█████▎    | 121/228 [01:47<01:35,  1.12it/s]
 54%|█████▎    | 122/228 [01:48<01:33,  1.14it/s]
 54%|█████▍    | 123/228 [01:49<01:38,  1.06it/s]
 54%|█████▍    | 124/228 [01:50<01:35,  1.09it/s]
 55%|█████▍    | 125/228 [01:50<01:32,  1.11it/s]
 55%|█████▌    | 126/228 [01:51<01:33,  1.09it/s]
 56%|█████▌    | 127/228 [01:52<01:30,  1.12it/s]
 56%|█████▌    | 128/228 [01:53<01:27,  1.14it/s]
 57%|█████▋    | 129/228 [01:54<01:25,  1.15it/s]
 57%|█████▋    | 130/228 [01:55<01:30,  1.09it/s]
 57%|█████▋    | 131/228 [01:56<01:29,  1.08it/s]
 58%|█████▊    | 132/228 [01:57<01:28,  1.08it/s]
 58%|█████▊    | 133/228 [01:58<01:24,  1.12it/s]
 59%|█████▉    | 134/228 [01:59<01:27,  1.07it/s]
 59%|█████▉    | 135/228 [02:00<01:24,  1.10it/s]
 60%|█████▉    | 136/228 [02:00<01:22,  1.11it/s]
 60%|██████    | 137/228 [02:01<01:20,  1.14it/s]
 61%|██████    | 138/228 [02:02<01:17,  1.16it/s]
 61%|██████    | 139/228 [02:03<01:16,  1.16it/s]
 61%|██████▏   | 140/228 [02:04<01:15,  1.16it/s]
 62%|██████▏   | 141/228 [02:05<01:17,  1.12it/s]
 62%|██████▏   | 142/228 [02:06<01:15,  1.15it/s]
 63%|██████▎   | 143/228 [02:06<01:13,  1.16it/s]
 63%|██████▎   | 144/228 [02:07<01:17,  1.08it/s]
 64%|██████▎   | 145/228 [02:08<01:14,  1.12it/s]
 64%|██████▍   | 146/228 [02:09<01:14,  1.10it/s]
 64%|██████▍   | 147/228 [02:10<01:11,  1.13it/s]
 65%|██████▍   | 148/228 [02:11<01:09,  1.15it/s]
 65%|██████▌   | 149/228 [02:12<01:08,  1.15it/s]
 66%|██████▌   | 150/228 [02:13<01:09,  1.12it/s]
 66%|██████▌   | 151/228 [02:14<01:07,  1.14it/s]
 67%|██████▋   | 152/228 [02:14<01:05,  1.16it/s]
 67%|██████▋   | 153/228 [02:15<01:04,  1.16it/s]
 68%|██████▊   | 154/228 [02:16<01:05,  1.13it/s]
 68%|██████▊   | 155/228 [02:17<01:03,  1.14it/s]
 68%|██████▊   | 156/228 [02:18<01:02,  1.15it/s]
 69%|██████▉   | 157/228 [02:19<01:01,  1.15it/s]
 69%|██████▉   | 158/228 [02:20<01:00,  1.16it/s]
 70%|██████▉   | 159/228 [02:20<00:58,  1.17it/s]
 70%|███████   | 160/228 [02:21<01:01,  1.11it/s]
 71%|███████   | 161/228 [02:22<01:01,  1.09it/s]
 71%|███████   | 162/228 [02:23<00:59,  1.12it/s]
 71%|███████▏  | 163/228 [02:24<00:59,  1.10it/s]
 72%|███████▏  | 164/228 [02:25<00:56,  1.12it/s]
 72%|███████▏  | 165/228 [02:26<00:58,  1.08it/s]
 73%|███████▎  | 166/228 [02:27<00:56,  1.10it/s]
 73%|███████▎  | 167/228 [02:28<00:56,  1.08it/s]
 74%|███████▎  | 168/228 [02:29<00:54,  1.11it/s]
 74%|███████▍  | 169/228 [02:30<00:52,  1.12it/s]
 75%|███████▍  | 170/228 [02:30<00:51,  1.13it/s]
 75%|███████▌  | 171/228 [02:31<00:49,  1.14it/s]
 75%|███████▌  | 172/228 [02:32<00:48,  1.15it/s]
 76%|███████▌  | 173/228 [02:33<00:47,  1.16it/s]
 76%|███████▋  | 174/228 [02:34<00:46,  1.16it/s]
 77%|███████▋  | 175/228 [02:35<00:45,  1.17it/s]
 77%|███████▋  | 176/228 [02:36<00:44,  1.16it/s]
 78%|███████▊  | 177/228 [02:37<00:46,  1.11it/s]
 78%|███████▊  | 178/228 [02:37<00:44,  1.13it/s]
 79%|███████▊  | 179/228 [02:38<00:44,  1.11it/s]
 79%|███████▉  | 180/228 [02:39<00:44,  1.07it/s]
 79%|███████▉  | 181/228 [02:40<00:44,  1.06it/s]
 80%|███████▉  | 182/228 [02:41<00:42,  1.09it/s]
 80%|████████  | 183/228 [02:42<00:40,  1.11it/s]
 81%|████████  | 184/228 [02:43<00:39,  1.12it/s]
 81%|████████  | 185/228 [02:44<00:39,  1.08it/s]
 82%|████████▏ | 186/228 [02:45<00:40,  1.04it/s]
 82%|████████▏ | 187/228 [02:46<00:39,  1.04it/s]
 82%|████████▏ | 188/228 [02:47<00:39,  1.02it/s]
 83%|████████▎ | 189/228 [02:48<00:36,  1.06it/s]
 83%|████████▎ | 190/228 [02:49<00:34,  1.09it/s]
 84%|████████▍ | 191/228 [02:50<00:33,  1.11it/s]
 84%|████████▍ | 192/228 [02:51<00:33,  1.09it/s]
 85%|████████▍ | 193/228 [02:51<00:32,  1.09it/s]
 85%|████████▌ | 194/228 [02:52<00:31,  1.08it/s]
 86%|████████▌ | 195/228 [02:53<00:30,  1.07it/s]
 86%|████████▌ | 196/228 [02:54<00:28,  1.10it/s]
 86%|████████▋ | 197/228 [02:55<00:27,  1.12it/s]
 87%|████████▋ | 198/228 [02:56<00:27,  1.10it/s]
 87%|████████▋ | 199/228 [02:57<00:26,  1.10it/s]
 88%|████████▊ | 200/228 [02:58<00:24,  1.13it/s]
 88%|████████▊ | 201/228 [02:59<00:25,  1.07it/s]
 89%|████████▊ | 202/228 [03:00<00:24,  1.05it/s]
 89%|████████▉ | 203/228 [03:01<00:22,  1.09it/s]
 89%|████████▉ | 204/228 [03:02<00:22,  1.08it/s]
 90%|████████▉ | 205/228 [03:02<00:21,  1.08it/s]
 90%|█████████ | 206/228 [03:03<00:19,  1.11it/s]
 91%|█████████ | 207/228 [03:04<00:19,  1.05it/s]
 91%|█████████ | 208/228 [03:05<00:18,  1.09it/s]
 92%|█████████▏| 209/228 [03:06<00:17,  1.08it/s]
 92%|█████████▏| 210/228 [03:07<00:16,  1.12it/s]
 93%|█████████▎| 211/228 [03:08<00:15,  1.13it/s]
 93%|█████████▎| 212/228 [03:09<00:14,  1.14it/s]
 93%|█████████▎| 213/228 [03:10<00:13,  1.15it/s]
 94%|█████████▍| 214/228 [03:11<00:13,  1.07it/s]
 94%|█████████▍| 215/228 [03:11<00:11,  1.11it/s]
 95%|█████████▍| 216/228 [03:12<00:10,  1.14it/s]
 95%|█████████▌| 217/228 [03:13<00:09,  1.16it/s]
 96%|█████████▌| 218/228 [03:14<00:08,  1.17it/s]
 96%|█████████▌| 219/228 [03:15<00:08,  1.10it/s]
 96%|█████████▋| 220/228 [03:16<00:07,  1.12it/s]
 97%|█████████▋| 221/228 [03:17<00:06,  1.14it/s]
 97%|█████████▋| 222/228 [03:18<00:05,  1.16it/s]
 98%|█████████▊| 223/228 [03:18<00:04,  1.16it/s]
 98%|█████████▊| 224/228 [03:19<00:03,  1.09it/s]
 99%|█████████▊| 225/228 [03:20<00:02,  1.05it/s]
 99%|█████████▉| 226/228 [03:21<00:01,  1.02it/s]
100%|█████████▉| 227/228 [03:22<00:00,  1.07it/s]
100%|██████████| 228/228 [03:23<00:00,  1.10it/s]
100%|██████████| 228/228 [03:23<00:00,  1.12it/s]

  0%|          | 0/14 [00:00<?, ?it/s]
100%|██████████| 14/14 [00:00<00:00, 976.94it/s]
==================================================

=== RUNNING: python truthfulqa.py facebook/opt-6.7b ===
Testing model facebook/opt-6.7b on TruthfulQA...
Done. Accuracy: 0.2309941520467836

Fetching 2 files:   0%|          | 0/2 [00:00<?, ?it/s]
Fetching 2 files:  50%|█████     | 1/2 [01:27<01:27, 87.10s/it]
Fetching 2 files: 100%|██████████| 2/2 [01:27<00:00, 43.55s/it]

Loading checkpoint shards:   0%|          | 0/2 [00:00<?, ?it/s]
Loading checkpoint shards:  50%|█████     | 1/2 [00:16<00:16, 16.33s/it]
Loading checkpoint shards: 100%|██████████| 2/2 [00:21<00:00,  9.94s/it]
Loading checkpoint shards: 100%|██████████| 2/2 [00:21<00:00, 10.90s/it]
Device set to use cuda:0

  0%|          | 0/228 [00:00<?, ?it/s]Asking to truncate to max_length but no maximum length is provided and the model has no predefined maximum length. Default to no truncation.

  0%|          | 1/228 [00:02<08:18,  2.19s/it]
  1%|          | 2/228 [00:04<07:40,  2.04s/it]
  1%|▏         | 3/228 [00:06<07:24,  1.98s/it]
  2%|▏         | 4/228 [00:07<07:20,  1.97s/it]
  2%|▏         | 5/228 [00:09<07:13,  1.94s/it]
  3%|▎         | 6/228 [00:11<07:09,  1.93s/it]
  3%|▎         | 7/228 [00:13<07:06,  1.93s/it]
  4%|▎         | 8/228 [00:15<07:16,  1.98s/it]
  4%|▍         | 9/228 [00:17<07:09,  1.96s/it]
  4%|▍         | 10/228 [00:19<07:20,  2.02s/it]You seem to be using the pipelines sequentially on GPU. In order to maximize efficiency please use a dataset

  5%|▍         | 11/228 [00:21<07:10,  1.98s/it]
  5%|▌         | 12/228 [00:23<07:03,  1.96s/it]
  6%|▌         | 13/228 [00:25<06:54,  1.93s/it]
  6%|▌         | 14/228 [00:27<06:51,  1.92s/it]
  7%|▋         | 15/228 [00:29<06:48,  1.92s/it]
  7%|▋         | 16/228 [00:31<06:48,  1.92s/it]
  7%|▋         | 17/228 [00:33<06:45,  1.92s/it]
  8%|▊         | 18/228 [00:35<06:42,  1.92s/it]
  8%|▊         | 19/228 [00:37<06:40,  1.92s/it]
  9%|▉         | 20/228 [00:38<06:41,  1.93s/it]
  9%|▉         | 21/228 [00:41<06:50,  1.98s/it]
 10%|▉         | 22/228 [00:43<06:44,  1.97s/it]
 10%|█         | 23/228 [00:44<06:39,  1.95s/it]
 11%|█         | 24/228 [00:46<06:37,  1.95s/it]
 11%|█         | 25/228 [00:48<06:32,  1.93s/it]
 11%|█▏        | 26/228 [00:50<06:30,  1.93s/it]
 12%|█▏        | 27/228 [00:52<06:27,  1.93s/it]
 12%|█▏        | 28/228 [00:54<06:23,  1.92s/it]
 13%|█▎        | 29/228 [00:56<06:23,  1.93s/it]
 13%|█▎        | 30/228 [00:58<06:31,  1.98s/it]
 14%|█▎        | 31/228 [01:00<06:25,  1.96s/it]
 14%|█▍        | 32/228 [01:02<06:21,  1.95s/it]
 14%|█▍        | 33/228 [01:04<06:18,  1.94s/it]
 15%|█▍        | 34/228 [01:06<06:15,  1.94s/it]
 15%|█▌        | 35/228 [01:08<06:12,  1.93s/it]
 16%|█▌        | 36/228 [01:10<06:22,  1.99s/it]
 16%|█▌        | 37/228 [01:12<06:16,  1.97s/it]
 17%|█▋        | 38/228 [01:14<06:10,  1.95s/it]
 17%|█▋        | 39/228 [01:16<06:07,  1.94s/it]
 18%|█▊        | 40/228 [01:18<06:16,  2.00s/it]
 18%|█▊        | 41/228 [01:20<06:09,  1.98s/it]
 18%|█▊        | 42/228 [01:22<06:03,  1.96s/it]
 19%|█▉        | 43/228 [01:23<05:57,  1.93s/it]
 19%|█▉        | 44/228 [01:25<05:57,  1.94s/it]
 20%|█▉        | 45/228 [01:27<05:53,  1.93s/it]
 20%|██        | 46/228 [01:29<05:51,  1.93s/it]
 21%|██        | 47/228 [01:31<05:47,  1.92s/it]
 21%|██        | 48/228 [01:33<05:58,  1.99s/it]
 21%|██▏       | 49/228 [01:35<05:52,  1.97s/it]
 22%|██▏       | 50/228 [01:37<05:46,  1.95s/it]
 22%|██▏       | 51/228 [01:39<05:52,  1.99s/it]
 23%|██▎       | 52/228 [01:41<05:48,  1.98s/it]
 23%|██▎       | 53/228 [01:43<05:43,  1.96s/it]
 24%|██▎       | 54/228 [01:45<05:39,  1.95s/it]
 24%|██▍       | 55/228 [01:47<05:44,  1.99s/it]
 25%|██▍       | 56/228 [01:49<05:49,  2.03s/it]
 25%|██▌       | 57/228 [01:51<05:41,  1.99s/it]
 25%|██▌       | 58/228 [01:53<05:35,  1.98s/it]
 26%|██▌       | 59/228 [01:55<05:32,  1.96s/it]
 26%|██▋       | 60/228 [01:57<05:27,  1.95s/it]
 27%|██▋       | 61/228 [01:59<05:23,  1.93s/it]
 27%|██▋       | 62/228 [02:01<05:20,  1.93s/it]
 28%|██▊       | 63/228 [02:03<05:17,  1.93s/it]
 28%|██▊       | 64/228 [02:04<05:14,  1.92s/it]
 29%|██▊       | 65/228 [02:06<05:14,  1.93s/it]
 29%|██▉       | 66/228 [02:08<05:11,  1.92s/it]
 29%|██▉       | 67/228 [02:10<05:07,  1.91s/it]
 30%|██▉       | 68/228 [02:12<05:06,  1.92s/it]
 30%|███       | 69/228 [02:14<05:06,  1.93s/it]
 31%|███       | 70/228 [02:16<05:04,  1.93s/it]
 31%|███       | 71/228 [02:18<05:01,  1.92s/it]
 32%|███▏      | 72/228 [02:20<04:59,  1.92s/it]
 32%|███▏      | 73/228 [02:22<04:55,  1.91s/it]
 32%|███▏      | 74/228 [02:24<04:54,  1.91s/it]
 33%|███▎      | 75/228 [02:26<04:52,  1.91s/it]
 33%|███▎      | 76/228 [02:27<04:50,  1.91s/it]
 34%|███▍      | 77/228 [02:29<04:47,  1.91s/it]
 34%|███▍      | 78/228 [02:31<04:53,  1.96s/it]
 35%|███▍      | 79/228 [02:33<04:51,  1.95s/it]
 35%|███▌      | 80/228 [02:36<04:57,  2.01s/it]
 36%|███▌      | 81/228 [02:37<04:51,  1.98s/it]
 36%|███▌      | 82/228 [02:39<04:46,  1.96s/it]
 36%|███▋      | 83/228 [02:41<04:42,  1.95s/it]
 37%|███▋      | 84/228 [02:43<04:39,  1.94s/it]
 37%|███▋      | 85/228 [02:45<04:36,  1.93s/it]
 38%|███▊      | 86/228 [02:47<04:34,  1.93s/it]
 38%|███▊      | 87/228 [02:49<04:31,  1.93s/it]
 39%|███▊      | 88/228 [02:51<04:30,  1.93s/it]
 39%|███▉      | 89/228 [02:53<04:29,  1.94s/it]
 39%|███▉      | 90/228 [02:55<04:35,  2.00s/it]
 40%|███▉      | 91/228 [02:57<04:29,  1.97s/it]
 40%|████      | 92/228 [02:59<04:25,  1.95s/it]
 41%|████      | 93/228 [03:01<04:22,  1.95s/it]
 41%|████      | 94/228 [03:03<04:19,  1.93s/it]
 42%|████▏     | 95/228 [03:05<04:16,  1.93s/it]
 42%|████▏     | 96/228 [03:07<04:22,  1.99s/it]
 43%|████▎     | 97/228 [03:09<04:17,  1.96s/it]
 43%|████▎     | 98/228 [03:11<04:14,  1.96s/it]
 43%|████▎     | 99/228 [03:12<04:10,  1.94s/it]
 44%|████▍     | 100/228 [03:14<04:07,  1.94s/it]
 44%|████▍     | 101/228 [03:16<04:04,  1.93s/it]
 45%|████▍     | 102/228 [03:18<04:08,  1.97s/it]
 45%|████▌     | 103/228 [03:20<04:06,  1.97s/it]
 46%|████▌     | 104/228 [03:22<04:02,  1.95s/it]
 46%|████▌     | 105/228 [03:24<03:59,  1.95s/it]
 46%|████▋     | 106/228 [03:26<03:55,  1.93s/it]
 47%|████▋     | 107/228 [03:28<03:53,  1.93s/it]
 47%|████▋     | 108/228 [03:30<03:50,  1.92s/it]
 48%|████▊     | 109/228 [03:32<03:49,  1.93s/it]
 48%|████▊     | 110/228 [03:34<03:46,  1.92s/it]
 49%|████▊     | 111/228 [03:36<03:44,  1.92s/it]
 49%|████▉     | 112/228 [03:38<03:43,  1.92s/it]
 50%|████▉     | 113/228 [03:39<03:39,  1.91s/it]
 50%|█████     | 114/228 [03:42<03:46,  1.98s/it]
 50%|█████     | 115/228 [03:44<03:42,  1.97s/it]
 51%|█████     | 116/228 [03:45<03:38,  1.95s/it]
 51%|█████▏    | 117/228 [03:47<03:36,  1.95s/it]
 52%|█████▏    | 118/228 [03:49<03:33,  1.94s/it]
 52%|█████▏    | 119/228 [03:51<03:29,  1.92s/it]
 53%|█████▎    | 120/228 [03:53<03:27,  1.92s/it]
 53%|█████▎    | 121/228 [03:55<03:26,  1.93s/it]
 54%|█████▎    | 122/228 [03:57<03:23,  1.92s/it]
 54%|█████▍    | 123/228 [03:59<03:33,  2.03s/it]
 54%|█████▍    | 124/228 [04:01<03:27,  1.99s/it]
 55%|█████▍    | 125/228 [04:03<03:23,  1.97s/it]
 55%|█████▌    | 126/228 [04:05<03:20,  1.97s/it]
 56%|█████▌    | 127/228 [04:07<03:16,  1.95s/it]
 56%|█████▌    | 128/228 [04:09<03:13,  1.94s/it]
 57%|█████▋    | 129/228 [04:11<03:10,  1.93s/it]
 57%|█████▋    | 130/228 [04:13<03:14,  1.98s/it]
 57%|█████▋    | 131/228 [04:15<03:11,  1.97s/it]
 58%|█████▊    | 132/228 [04:17<03:07,  1.96s/it]
 58%|█████▊    | 133/228 [04:19<03:02,  1.93s/it]
 59%|█████▉    | 134/228 [04:21<03:05,  1.97s/it]
 59%|█████▉    | 135/228 [04:23<03:01,  1.95s/it]
 60%|█████▉    | 136/228 [04:25<02:58,  1.94s/it]
 60%|██████    | 137/228 [04:26<02:55,  1.93s/it]
 61%|██████    | 138/228 [04:28<02:52,  1.91s/it]
 61%|██████    | 139/228 [04:30<02:50,  1.92s/it]
 61%|██████▏   | 140/228 [04:32<02:48,  1.91s/it]
 62%|██████▏   | 141/228 [04:34<02:47,  1.92s/it]
 62%|██████▏   | 142/228 [04:36<02:44,  1.92s/it]
 63%|██████▎   | 143/228 [04:38<02:42,  1.91s/it]
 63%|██████▎   | 144/228 [04:40<02:49,  2.01s/it]
 64%|██████▎   | 145/228 [04:42<02:44,  1.99s/it]
 64%|██████▍   | 146/228 [04:44<02:41,  1.97s/it]
 64%|██████▍   | 147/228 [04:46<02:37,  1.95s/it]
 65%|██████▍   | 148/228 [04:48<02:35,  1.94s/it]
 65%|██████▌   | 149/228 [04:50<02:32,  1.93s/it]
 66%|██████▌   | 150/228 [04:52<02:30,  1.94s/it]
 66%|██████▌   | 151/228 [04:54<02:28,  1.93s/it]
 67%|██████▋   | 152/228 [04:55<02:25,  1.92s/it]
 67%|██████▋   | 153/228 [04:57<02:23,  1.92s/it]
 68%|██████▊   | 154/228 [04:59<02:22,  1.93s/it]
 68%|██████▊   | 155/228 [05:01<02:20,  1.92s/it]
 68%|██████▊   | 156/228 [05:03<02:18,  1.92s/it]
 69%|██████▉   | 157/228 [05:05<02:16,  1.92s/it]
 69%|██████▉   | 158/228 [05:07<02:14,  1.92s/it]
 70%|██████▉   | 159/228 [05:09<02:12,  1.92s/it]
 70%|███████   | 160/228 [05:11<02:14,  1.98s/it]
 71%|███████   | 161/228 [05:13<02:11,  1.97s/it]
 71%|███████   | 162/228 [05:15<02:08,  1.95s/it]
 71%|███████▏  | 163/228 [05:17<02:06,  1.95s/it]
 72%|███████▏  | 164/228 [05:19<02:04,  1.94s/it]
 72%|███████▏  | 165/228 [05:21<02:05,  1.99s/it]
 73%|███████▎  | 166/228 [05:23<02:01,  1.96s/it]
 73%|███████▎  | 167/228 [05:25<01:59,  1.96s/it]
 74%|███████▎  | 168/228 [05:27<01:56,  1.95s/it]
 74%|███████▍  | 169/228 [05:29<01:54,  1.94s/it]
 75%|███████▍  | 170/228 [05:30<01:52,  1.93s/it]
 75%|███████▌  | 171/228 [05:32<01:49,  1.93s/it]
 75%|███████▌  | 172/228 [05:34<01:47,  1.92s/it]
 76%|███████▌  | 173/228 [05:36<01:45,  1.91s/it]
 76%|███████▋  | 174/228 [05:38<01:43,  1.92s/it]
 77%|███████▋  | 175/228 [05:40<01:41,  1.92s/it]
 77%|███████▋  | 176/228 [05:42<01:39,  1.91s/it]
 78%|███████▊  | 177/228 [05:44<01:40,  1.98s/it]
 78%|███████▊  | 178/228 [05:46<01:37,  1.96s/it]
 79%|███████▊  | 179/228 [05:48<01:35,  1.96s/it]
 79%|███████▉  | 180/228 [05:50<01:35,  1.99s/it]
 79%|███████▉  | 181/228 [05:52<01:32,  1.98s/it]
 80%|███████▉  | 182/228 [05:54<01:30,  1.96s/it]
 80%|████████  | 183/228 [05:56<01:27,  1.94s/it]
 81%|████████  | 184/228 [05:58<01:25,  1.94s/it]
 81%|████████  | 185/228 [06:00<01:25,  2.00s/it]
 82%|████████▏ | 186/228 [06:02<01:25,  2.03s/it]
 82%|████████▏ | 187/228 [06:04<01:22,  2.00s/it]
 82%|████████▏ | 188/228 [06:06<01:21,  2.03s/it]
 83%|████████▎ | 189/228 [06:08<01:17,  1.99s/it]
 83%|████████▎ | 190/228 [06:10<01:14,  1.97s/it]
 84%|████████▍ | 191/228 [06:12<01:12,  1.95s/it]
 84%|████████▍ | 192/228 [06:14<01:10,  1.96s/it]
 85%|████████▍ | 193/228 [06:16<01:08,  1.94s/it]
 85%|████████▌ | 194/228 [06:18<01:06,  1.95s/it]
 86%|████████▌ | 195/228 [06:19<01:04,  1.95s/it]
 86%|████████▌ | 196/228 [06:21<01:02,  1.94s/it]
 86%|████████▋ | 197/228 [06:23<00:59,  1.93s/it]
 87%|████████▋ | 198/228 [06:25<00:58,  1.94s/it]
 87%|████████▋ | 199/228 [06:27<00:56,  1.94s/it]
 88%|████████▊ | 200/228 [06:29<00:54,  1.93s/it]
 88%|████████▊ | 201/228 [06:31<00:53,  1.98s/it]
 89%|████████▊ | 202/228 [06:33<00:52,  2.03s/it]
 89%|████████▉ | 203/228 [06:35<00:49,  1.99s/it]
 89%|████████▉ | 204/228 [06:37<00:47,  1.98s/it]
 90%|████████▉ | 205/228 [06:39<00:45,  1.97s/it]
 90%|█████████ | 206/228 [06:41<00:43,  1.96s/it]
 91%|█████████ | 207/228 [06:43<00:42,  2.00s/it]
 91%|█████████ | 208/228 [06:45<00:39,  1.97s/it]
 92%|█████████▏| 209/228 [06:47<00:37,  1.96s/it]
 92%|█████████▏| 210/228 [06:49<00:35,  1.95s/it]
 93%|█████████▎| 211/228 [06:51<00:32,  1.94s/it]
 93%|█████████▎| 212/228 [06:53<00:30,  1.93s/it]
 93%|█████████▎| 213/228 [06:55<00:28,  1.92s/it]
 94%|█████████▍| 214/228 [06:57<00:28,  2.03s/it]
 94%|█████████▍| 215/228 [06:59<00:25,  2.00s/it]
 95%|█████████▍| 216/228 [07:01<00:23,  1.97s/it]
 95%|█████████▌| 217/228 [07:03<00:21,  1.95s/it]
 96%|█████████▌| 218/228 [07:05<00:19,  1.94s/it]
 96%|█████████▌| 219/228 [07:07<00:17,  1.98s/it]
 96%|█████████▋| 220/228 [07:09<00:15,  1.96s/it]
 97%|█████████▋| 221/228 [07:11<00:13,  1.95s/it]
 97%|█████████▋| 222/228 [07:12<00:11,  1.94s/it]
 98%|█████████▊| 223/228 [07:14<00:09,  1.93s/it]
 98%|█████████▊| 224/228 [07:16<00:07,  1.99s/it]
 99%|█████████▊| 225/228 [07:19<00:06,  2.03s/it]
 99%|█████████▉| 226/228 [07:21<00:04,  2.07s/it]
100%|█████████▉| 227/228 [07:23<00:02,  2.02s/it]
100%|██████████| 228/228 [07:25<00:00,  1.99s/it]
100%|██████████| 228/228 [07:25<00:00,  1.95s/it]

  0%|          | 0/14 [00:00<?, ?it/s]
100%|██████████| 14/14 [00:00<00:00, 959.42it/s]
==================================================

=== RUNNING: python truthfulqa.py facebook/opt-1.3b --no-demos ===
Testing model facebook/opt-1.3b on TruthfulQA...
Done. Accuracy: 0.23391812865497075
Device set to use cuda:0

  0%|          | 0/228 [00:00<?, ?it/s]Asking to truncate to max_length but no maximum length is provided and the model has no predefined maximum length. Default to no truncation.

  0%|          | 1/228 [00:00<01:29,  2.54it/s]
  1%|          | 2/228 [00:00<00:55,  4.06it/s]
  1%|▏         | 3/228 [00:00<00:41,  5.37it/s]
  2%|▏         | 4/228 [00:00<00:38,  5.79it/s]
  2%|▏         | 5/228 [00:00<00:34,  6.39it/s]
  3%|▎         | 6/228 [00:01<00:34,  6.50it/s]
  3%|▎         | 7/228 [00:01<00:33,  6.61it/s]
  4%|▎         | 8/228 [00:01<00:35,  6.19it/s]
  4%|▍         | 9/228 [00:01<00:32,  6.69it/s]
  4%|▍         | 10/228 [00:01<00:34,  6.31it/s]You seem to be using the pipelines sequentially on GPU. In order to maximize efficiency please use a dataset

  5%|▍         | 11/228 [00:01<00:32,  6.70it/s]
  5%|▌         | 12/228 [00:01<00:31,  6.75it/s]
  6%|▌         | 14/228 [00:02<00:27,  7.75it/s]
  7%|▋         | 15/228 [00:02<00:28,  7.50it/s]
  7%|▋         | 16/228 [00:02<00:30,  6.99it/s]
  7%|▋         | 17/228 [00:02<00:30,  6.97it/s]
  8%|▊         | 18/228 [00:02<00:28,  7.28it/s]
  8%|▊         | 19/228 [00:02<00:27,  7.54it/s]
  9%|▉         | 20/228 [00:03<00:28,  7.22it/s]
  9%|▉         | 21/228 [00:03<00:32,  6.45it/s]
 10%|▉         | 22/228 [00:03<00:30,  6.81it/s]
 10%|█         | 23/228 [00:03<00:29,  6.88it/s]
 11%|█         | 24/228 [00:03<00:31,  6.53it/s]
 11%|█         | 25/228 [00:03<00:28,  7.17it/s]
 11%|█▏        | 26/228 [00:03<00:28,  7.12it/s]
 12%|█▏        | 27/228 [00:04<00:28,  7.13it/s]
 12%|█▏        | 28/228 [00:04<00:26,  7.53it/s]
 13%|█▎        | 29/228 [00:04<00:28,  6.96it/s]
 13%|█▎        | 30/228 [00:04<00:30,  6.43it/s]
 14%|█▎        | 31/228 [00:04<00:27,  7.04it/s]
 14%|█▍        | 32/228 [00:04<00:26,  7.26it/s]
 14%|█▍        | 33/228 [00:04<00:27,  7.13it/s]
 15%|█▍        | 34/228 [00:05<00:27,  7.12it/s]
 15%|█▌        | 35/228 [00:05<00:27,  7.05it/s]
 16%|█▌        | 36/228 [00:05<00:29,  6.59it/s]
 16%|█▌        | 37/228 [00:05<00:26,  7.09it/s]
 17%|█▋        | 38/228 [00:05<00:25,  7.43it/s]
 17%|█▋        | 39/228 [00:05<00:26,  7.14it/s]
 18%|█▊        | 40/228 [00:05<00:28,  6.63it/s]
 18%|█▊        | 41/228 [00:06<00:27,  6.84it/s]
 18%|█▊        | 42/228 [00:06<00:26,  6.94it/s]
 19%|█▉        | 43/228 [00:06<00:24,  7.40it/s]
 19%|█▉        | 44/228 [00:06<00:26,  6.86it/s]
 20%|█▉        | 45/228 [00:06<00:26,  6.84it/s]
 20%|██        | 46/228 [00:06<00:25,  7.14it/s]
 21%|██        | 47/228 [00:06<00:25,  7.11it/s]
 21%|██        | 48/228 [00:07<00:27,  6.62it/s]
 21%|██▏       | 49/228 [00:07<00:25,  7.05it/s]
 22%|██▏       | 50/228 [00:07<00:24,  7.28it/s]
 22%|██▏       | 51/228 [00:07<00:27,  6.41it/s]
 23%|██▎       | 52/228 [00:07<00:28,  6.23it/s]
 23%|██▎       | 53/228 [00:07<00:27,  6.40it/s]
 24%|██▎       | 54/228 [00:08<00:26,  6.61it/s]
 24%|██▍       | 55/228 [00:08<00:27,  6.38it/s]
 25%|██▍       | 56/228 [00:08<00:27,  6.16it/s]
 25%|██▌       | 57/228 [00:08<00:25,  6.65it/s]
 25%|██▌       | 58/228 [00:08<00:25,  6.67it/s]
 26%|██▌       | 59/228 [00:08<00:26,  6.41it/s]
 26%|██▋       | 60/228 [00:08<00:25,  6.55it/s]
 27%|██▋       | 61/228 [00:09<00:23,  7.01it/s]
 27%|██▋       | 62/228 [00:09<00:22,  7.33it/s]
 28%|██▊       | 63/228 [00:09<00:23,  7.16it/s]
 28%|██▊       | 64/228 [00:09<00:23,  7.07it/s]
 29%|██▊       | 65/228 [00:09<00:23,  6.90it/s]
 29%|██▉       | 66/228 [00:09<00:23,  6.91it/s]
 29%|██▉       | 67/228 [00:09<00:21,  7.38it/s]
 30%|██▉       | 68/228 [00:10<00:22,  7.25it/s]
 30%|███       | 69/228 [00:10<00:23,  6.72it/s]
 31%|███       | 70/228 [00:10<00:23,  6.84it/s]
 31%|███       | 71/228 [00:10<00:22,  6.85it/s]
 32%|███▏      | 72/228 [00:10<00:21,  7.32it/s]
 32%|███▏      | 73/228 [00:10<00:19,  7.76it/s]
 32%|███▏      | 74/228 [00:10<00:19,  7.80it/s]
 33%|███▎      | 75/228 [00:10<00:19,  7.81it/s]
 33%|███▎      | 76/228 [00:11<00:19,  7.94it/s]
 34%|███▍      | 77/228 [00:11<00:18,  8.19it/s]
 34%|███▍      | 78/228 [00:11<00:21,  6.89it/s]
 35%|███▍      | 79/228 [00:11<00:22,  6.49it/s]
 35%|███▌      | 80/228 [00:11<00:23,  6.24it/s]
 36%|███▌      | 81/228 [00:11<00:22,  6.48it/s]
 36%|███▌      | 82/228 [00:12<00:21,  6.69it/s]
 36%|███▋      | 83/228 [00:12<00:20,  7.02it/s]
 37%|███▋      | 84/228 [00:12<00:20,  6.90it/s]
 37%|███▋      | 85/228 [00:12<00:20,  6.97it/s]
 38%|███▊      | 86/228 [00:12<00:20,  7.02it/s]
 38%|███▊      | 87/228 [00:12<00:20,  6.96it/s]
 39%|███▊      | 88/228 [00:12<00:21,  6.62it/s]
 39%|███▉      | 89/228 [00:13<00:21,  6.50it/s]
 39%|███▉      | 90/228 [00:13<00:21,  6.34it/s]
 40%|███▉      | 91/228 [00:13<00:20,  6.57it/s]
 40%|████      | 92/228 [00:13<00:20,  6.80it/s]
 41%|████      | 93/228 [00:13<00:19,  6.84it/s]
 41%|████      | 94/228 [00:13<00:19,  6.92it/s]
 42%|████▏     | 95/228 [00:13<00:18,  7.29it/s]
 42%|████▏     | 96/228 [00:14<00:19,  6.70it/s]
 43%|████▎     | 97/228 [00:14<00:18,  7.15it/s]
 43%|████▎     | 98/228 [00:14<00:18,  7.17it/s]
 43%|████▎     | 99/228 [00:14<00:18,  7.15it/s]
 44%|████▍     | 100/228 [00:14<00:17,  7.25it/s]
 44%|████▍     | 101/228 [00:14<00:16,  7.53it/s]
 45%|████▍     | 102/228 [00:14<00:18,  6.93it/s]
 45%|████▌     | 103/228 [00:15<00:19,  6.54it/s]
 46%|████▌     | 104/228 [00:15<00:18,  6.68it/s]
 46%|████▌     | 105/228 [00:15<00:17,  7.01it/s]
 46%|████▋     | 106/228 [00:15<00:17,  7.03it/s]
 47%|████▋     | 107/228 [00:15<00:17,  7.01it/s]
 47%|████▋     | 108/228 [00:15<00:17,  6.99it/s]
 48%|████▊     | 109/228 [00:15<00:17,  6.89it/s]
 48%|████▊     | 110/228 [00:16<00:17,  6.79it/s]
 49%|████▊     | 111/228 [00:16<00:17,  6.78it/s]
 49%|████▉     | 112/228 [00:16<00:16,  7.18it/s]
 50%|████▉     | 113/228 [00:16<00:15,  7.60it/s]
 50%|█████     | 114/228 [00:16<00:16,  6.94it/s]
 50%|█████     | 115/228 [00:16<00:16,  6.88it/s]
 51%|█████     | 116/228 [00:16<00:15,  7.26it/s]
 51%|█████▏    | 117/228 [00:17<00:15,  7.02it/s]
 52%|█████▏    | 118/228 [00:17<00:14,  7.37it/s]
 52%|█████▏    | 119/228 [00:17<00:13,  7.88it/s]
 53%|█████▎    | 120/228 [00:17<00:14,  7.59it/s]
 53%|█████▎    | 121/228 [00:17<00:15,  6.93it/s]
 54%|█████▎    | 122/228 [00:17<00:15,  6.94it/s]
 54%|█████▍    | 123/228 [00:17<00:17,  5.85it/s]
 54%|█████▍    | 124/228 [00:18<00:17,  6.11it/s]
 55%|█████▍    | 125/228 [00:18<00:16,  6.38it/s]
 55%|█████▌    | 126/228 [00:18<00:16,  6.34it/s]
 56%|█████▌    | 127/228 [00:18<00:14,  7.01it/s]
 56%|█████▌    | 128/228 [00:18<00:14,  7.06it/s]
 57%|█████▋    | 129/228 [00:18<00:14,  7.05it/s]
 57%|█████▋    | 130/228 [00:19<00:16,  6.08it/s]
 57%|█████▋    | 131/228 [00:19<00:15,  6.13it/s]
 58%|█████▊    | 132/228 [00:19<00:15,  6.35it/s]
 58%|█████▊    | 133/228 [00:19<00:13,  6.97it/s]
 59%|█████▉    | 134/228 [00:19<00:14,  6.47it/s]
 59%|█████▉    | 135/228 [00:19<00:14,  6.63it/s]
 60%|█████▉    | 136/228 [00:19<00:13,  6.74it/s]
 60%|██████    | 137/228 [00:20<00:12,  7.26it/s]
 61%|██████    | 139/228 [00:20<00:11,  7.71it/s]
 61%|██████▏   | 140/228 [00:20<00:11,  7.45it/s]
 62%|██████▏   | 141/228 [00:20<00:12,  7.00it/s]
 62%|██████▏   | 142/228 [00:20<00:11,  7.38it/s]
 63%|██████▎   | 143/228 [00:20<00:11,  7.42it/s]
 63%|██████▎   | 144/228 [00:21<00:13,  6.15it/s]
 64%|██████▎   | 145/228 [00:21<00:12,  6.65it/s]
 64%|██████▍   | 146/228 [00:21<00:12,  6.72it/s]
 64%|██████▍   | 147/228 [00:21<00:11,  7.21it/s]
 65%|██████▍   | 148/228 [00:21<00:10,  7.51it/s]
 65%|██████▌   | 149/228 [00:21<00:10,  7.39it/s]
 66%|██████▌   | 150/228 [00:21<00:11,  6.82it/s]
 66%|██████▌   | 151/228 [00:21<00:10,  7.21it/s]
 67%|██████▋   | 152/228 [00:22<00:09,  7.63it/s]
 67%|██████▋   | 153/228 [00:22<00:10,  7.39it/s]
 68%|██████▊   | 154/228 [00:22<00:10,  6.84it/s]
 68%|██████▊   | 155/228 [00:22<00:10,  6.86it/s]
 68%|██████▊   | 156/228 [00:22<00:10,  6.88it/s]
 69%|██████▉   | 157/228 [00:22<00:10,  6.91it/s]
 69%|██████▉   | 158/228 [00:22<00:10,  6.99it/s]
 70%|██████▉   | 159/228 [00:23<00:09,  7.24it/s]
 70%|███████   | 160/228 [00:23<00:09,  6.80it/s]
 71%|███████   | 161/228 [00:23<00:09,  6.82it/s]
 71%|███████   | 162/228 [00:23<00:09,  6.99it/s]
 71%|███████▏  | 163/228 [00:23<00:09,  6.96it/s]
 72%|███████▏  | 164/228 [00:23<00:09,  7.02it/s]
 72%|███████▏  | 165/228 [00:24<00:09,  6.34it/s]
 73%|███████▎  | 166/228 [00:24<00:09,  6.58it/s]
 73%|███████▎  | 167/228 [00:24<00:09,  6.34it/s]
 74%|███████▎  | 168/228 [00:24<00:09,  6.51it/s]
 74%|███████▍  | 169/228 [00:24<00:08,  6.58it/s]
 75%|███████▍  | 170/228 [00:24<00:08,  6.63it/s]
 75%|███████▌  | 171/228 [00:24<00:08,  6.75it/s]
 75%|███████▌  | 172/228 [00:25<00:08,  6.82it/s]
 76%|███████▌  | 173/228 [00:25<00:07,  7.22it/s]
 76%|███████▋  | 174/228 [00:25<00:07,  7.12it/s]
 77%|███████▋  | 175/228 [00:25<00:07,  7.33it/s]
 77%|███████▋  | 176/228 [00:25<00:07,  7.20it/s]
 78%|███████▊  | 177/228 [00:25<00:07,  6.69it/s]
 78%|███████▊  | 178/228 [00:25<00:07,  7.11it/s]
 79%|███████▊  | 179/228 [00:26<00:07,  6.69it/s]
 79%|███████▉  | 180/228 [00:26<00:07,  6.29it/s]
 79%|███████▉  | 181/228 [00:26<00:07,  6.14it/s]
 80%|███████▉  | 182/228 [00:26<00:07,  6.30it/s]
 80%|████████  | 183/228 [00:26<00:06,  6.46it/s]
 81%|████████  | 184/228 [00:26<00:06,  6.59it/s]
 81%|████████  | 185/228 [00:27<00:06,  6.30it/s]
 82%|████████▏ | 186/228 [00:27<00:07,  5.85it/s]
 82%|████████▏ | 187/228 [00:27<00:07,  5.82it/s]
 82%|████████▏ | 188/228 [00:27<00:06,  5.73it/s]
 83%|████████▎ | 189/228 [00:27<00:06,  6.01it/s]
 83%|████████▎ | 190/228 [00:27<00:06,  6.24it/s]
 84%|████████▍ | 191/228 [00:28<00:05,  6.39it/s]
 84%|████████▍ | 192/228 [00:28<00:05,  6.17it/s]
 85%|████████▍ | 193/228 [00:28<00:05,  6.39it/s]
 85%|████████▌ | 194/228 [00:28<00:05,  6.30it/s]
 86%|████████▌ | 195/228 [00:28<00:05,  6.15it/s]
 86%|████████▌ | 196/228 [00:28<00:04,  6.76it/s]
 86%|████████▋ | 197/228 [00:28<00:04,  6.90it/s]
 87%|████████▋ | 198/228 [00:29<00:04,  6.65it/s]
 87%|████████▋ | 199/228 [00:29<00:04,  6.65it/s]
 88%|████████▊ | 200/228 [00:29<00:04,  6.89it/s]
 88%|████████▊ | 201/228 [00:29<00:04,  6.22it/s]
 89%|████████▊ | 202/228 [00:29<00:04,  6.06it/s]
 89%|████████▉ | 203/228 [00:29<00:03,  6.61it/s]
 89%|████████▉ | 204/228 [00:30<00:03,  6.59it/s]
 90%|████████▉ | 205/228 [00:30<00:03,  6.37it/s]
 90%|█████████ | 206/228 [00:30<00:03,  6.75it/s]
 91%|█████████ | 207/228 [00:30<00:03,  5.98it/s]
 91%|█████████ | 208/228 [00:30<00:03,  6.55it/s]
 92%|█████████▏| 209/228 [00:30<00:02,  6.53it/s]
 92%|█████████▏| 210/228 [00:30<00:02,  6.97it/s]
 93%|█████████▎| 211/228 [00:31<00:02,  6.91it/s]
 93%|█████████▎| 212/228 [00:31<00:02,  6.94it/s]
 93%|█████████▎| 213/228 [00:31<00:02,  6.94it/s]
 94%|█████████▍| 214/228 [00:31<00:02,  5.96it/s]
 94%|█████████▍| 215/228 [00:31<00:02,  6.43it/s]
 95%|█████████▍| 216/228 [00:31<00:01,  7.07it/s]
 95%|█████████▌| 217/228 [00:31<00:01,  7.31it/s]
 96%|█████████▌| 218/228 [00:32<00:01,  7.58it/s]
 96%|█████████▌| 219/228 [00:32<00:01,  6.50it/s]
 96%|█████████▋| 220/228 [00:32<00:01,  6.95it/s]
 97%|█████████▋| 221/228 [00:32<00:01,  7.00it/s]
 97%|█████████▋| 222/228 [00:32<00:00,  7.50it/s]
 98%|█████████▊| 223/228 [00:32<00:00,  7.38it/s]
 98%|█████████▊| 224/228 [00:32<00:00,  6.79it/s]
 99%|█████████▊| 225/228 [00:33<00:00,  6.06it/s]
 99%|█████████▉| 226/228 [00:33<00:00,  5.93it/s]
100%|█████████▉| 227/228 [00:33<00:00,  6.24it/s]
100%|██████████| 228/228 [00:33<00:00,  6.44it/s]
100%|██████████| 228/228 [00:33<00:00,  6.78it/s]

  0%|          | 0/14 [00:00<?, ?it/s]
100%|██████████| 14/14 [00:00<00:00, 969.29it/s]
==================================================

=== RUNNING: python truthfulqa.py facebook/opt-1.3b --system-prompt 'Actually,' --no-demos ===
Testing model facebook/opt-1.3b on TruthfulQA...
Done. Accuracy: 0.24561403508771928
Device set to use cuda:0

  0%|          | 0/228 [00:00<?, ?it/s]Asking to truncate to max_length but no maximum length is provided and the model has no predefined maximum length. Default to no truncation.

  0%|          | 1/228 [00:00<01:29,  2.53it/s]
  1%|          | 2/228 [00:00<00:59,  3.79it/s]
  1%|▏         | 3/228 [00:00<00:45,  4.98it/s]
  2%|▏         | 4/228 [00:00<00:42,  5.29it/s]
  2%|▏         | 5/228 [00:01<00:38,  5.80it/s]
  3%|▎         | 6/228 [00:01<00:36,  6.03it/s]
  3%|▎         | 7/228 [00:01<00:35,  6.20it/s]
  4%|▎         | 8/228 [00:01<00:37,  5.87it/s]
  4%|▍         | 9/228 [00:01<00:34,  6.30it/s]
  4%|▍         | 10/228 [00:01<00:36,  6.02it/s]You seem to be using the pipelines sequentially on GPU. In order to maximize efficiency please use a dataset

  5%|▍         | 11/228 [00:01<00:34,  6.29it/s]
  5%|▌         | 12/228 [00:02<00:33,  6.38it/s]
  6%|▌         | 13/228 [00:02<00:30,  6.95it/s]
  6%|▌         | 14/228 [00:02<00:29,  7.30it/s]
  7%|▋         | 15/228 [00:02<00:30,  7.08it/s]
  7%|▋         | 16/228 [00:02<00:31,  6.63it/s]
  7%|▋         | 17/228 [00:02<00:31,  6.63it/s]
  8%|▊         | 18/228 [00:02<00:30,  6.79it/s]
  8%|▊         | 19/228 [00:03<00:29,  7.09it/s]
  9%|▉         | 20/228 [00:03<00:31,  6.65it/s]
  9%|▉         | 21/228 [00:03<00:35,  5.91it/s]
 10%|▉         | 22/228 [00:03<00:33,  6.21it/s]
 10%|█         | 23/228 [00:03<00:32,  6.21it/s]
 11%|█         | 24/228 [00:03<00:33,  6.14it/s]
 11%|█         | 25/228 [00:04<00:30,  6.66it/s]
 11%|█▏        | 26/228 [00:04<00:30,  6.69it/s]
 12%|█▏        | 27/228 [00:04<00:29,  6.73it/s]
 12%|█▏        | 28/228 [00:04<00:27,  7.21it/s]
 13%|█▎        | 29/228 [00:04<00:29,  6.69it/s]
 13%|█▎        | 30/228 [00:04<00:32,  6.04it/s]
 14%|█▎        | 31/228 [00:04<00:29,  6.57it/s]
 14%|█▍        | 32/228 [00:05<00:28,  6.79it/s]
 14%|█▍        | 33/228 [00:05<00:28,  6.73it/s]
 15%|█▍        | 34/228 [00:05<00:28,  6.75it/s]
 15%|█▌        | 35/228 [00:05<00:28,  6.69it/s]
 16%|█▌        | 36/228 [00:05<00:30,  6.30it/s]
 16%|█▌        | 37/228 [00:05<00:29,  6.52it/s]
 17%|█▋        | 38/228 [00:06<00:27,  6.88it/s]
 17%|█▋        | 39/228 [00:06<00:28,  6.62it/s]
 18%|█▊        | 40/228 [00:06<00:29,  6.38it/s]
 18%|█▊        | 41/228 [00:06<00:28,  6.60it/s]
 18%|█▊        | 42/228 [00:06<00:27,  6.66it/s]
 19%|█▉        | 43/228 [00:06<00:26,  7.05it/s]
 19%|█▉        | 44/228 [00:06<00:27,  6.58it/s]
 20%|█▉        | 45/228 [00:07<00:27,  6.55it/s]
 20%|██        | 46/228 [00:07<00:27,  6.69it/s]
 21%|██        | 47/228 [00:07<00:26,  6.82it/s]
 21%|██        | 48/228 [00:07<00:28,  6.41it/s]
 21%|██▏       | 49/228 [00:07<00:26,  6.78it/s]
 22%|██▏       | 50/228 [00:07<00:26,  6.84it/s]
 22%|██▏       | 51/228 [00:08<00:29,  6.08it/s]
 23%|██▎       | 52/228 [00:08<00:29,  5.97it/s]
 23%|██▎       | 53/228 [00:08<00:28,  6.19it/s]
 24%|██▎       | 54/228 [00:08<00:26,  6.45it/s]
 24%|██▍       | 55/228 [00:08<00:29,  5.95it/s]
 25%|██▍       | 56/228 [00:08<00:29,  5.85it/s]
 25%|██▌       | 57/228 [00:08<00:27,  6.17it/s]
 25%|██▌       | 58/228 [00:09<00:27,  6.18it/s]
 26%|██▌       | 59/228 [00:09<00:28,  6.03it/s]
 26%|██▋       | 60/228 [00:09<00:27,  6.21it/s]
 27%|██▋       | 61/228 [00:09<00:25,  6.63it/s]
 27%|██▋       | 62/228 [00:09<00:24,  6.77it/s]
 28%|██▊       | 63/228 [00:09<00:24,  6.77it/s]
 28%|██▊       | 64/228 [00:10<00:24,  6.72it/s]
 29%|██▊       | 65/228 [00:10<00:25,  6.52it/s]
 29%|██▉       | 66/228 [00:10<00:24,  6.56it/s]
 29%|██▉       | 67/228 [00:10<00:23,  6.98it/s]
 30%|██▉       | 68/228 [00:10<00:23,  6.91it/s]
 30%|███       | 69/228 [00:10<00:24,  6.62it/s]
 31%|███       | 70/228 [00:10<00:23,  6.69it/s]
 31%|███       | 71/228 [00:11<00:23,  6.66it/s]
 32%|███▏      | 72/228 [00:11<00:22,  6.98it/s]
 32%|███▏      | 73/228 [00:11<00:20,  7.42it/s]
 32%|███▏      | 74/228 [00:11<00:21,  7.28it/s]
 33%|███▎      | 75/228 [00:11<00:21,  7.19it/s]
 33%|███▎      | 76/228 [00:11<00:20,  7.38it/s]
 34%|███▍      | 77/228 [00:11<00:19,  7.61it/s]
 34%|███▍      | 78/228 [00:12<00:23,  6.50it/s]
 35%|███▍      | 79/228 [00:12<00:23,  6.23it/s]
 35%|███▌      | 80/228 [00:12<00:24,  6.00it/s]
 36%|███▌      | 81/228 [00:12<00:23,  6.15it/s]
 36%|███▌      | 82/228 [00:12<00:23,  6.28it/s]
 36%|███▋      | 83/228 [00:12<00:22,  6.48it/s]
 37%|███▋      | 84/228 [00:13<00:22,  6.29it/s]
 37%|███▋      | 85/228 [00:13<00:21,  6.53it/s]
 38%|███▊      | 86/228 [00:13<00:21,  6.52it/s]
 38%|███▊      | 87/228 [00:13<00:21,  6.53it/s]
 39%|███▊      | 88/228 [00:13<00:22,  6.28it/s]
 39%|███▉      | 89/228 [00:13<00:22,  6.22it/s]
 39%|███▉      | 90/228 [00:14<00:22,  6.11it/s]
 40%|███▉      | 91/228 [00:14<00:21,  6.40it/s]
 40%|████      | 92/228 [00:14<00:20,  6.50it/s]
 41%|████      | 93/228 [00:14<00:20,  6.55it/s]
 41%|████      | 94/228 [00:14<00:20,  6.62it/s]
 42%|████▏     | 95/228 [00:14<00:19,  6.92it/s]
 42%|████▏     | 96/228 [00:14<00:20,  6.41it/s]
 43%|████▎     | 97/228 [00:15<00:19,  6.79it/s]
 43%|████▎     | 98/228 [00:15<00:19,  6.73it/s]
 43%|████▎     | 99/228 [00:15<00:19,  6.47it/s]
 44%|████▍     | 100/228 [00:15<00:19,  6.68it/s]
 44%|████▍     | 101/228 [00:15<00:18,  6.77it/s]
 45%|████▍     | 102/228 [00:15<00:20,  6.11it/s]
 45%|████▌     | 103/228 [00:16<00:20,  6.00it/s]
 46%|████▌     | 104/228 [00:16<00:19,  6.23it/s]
 46%|████▌     | 105/228 [00:16<00:19,  6.46it/s]
 46%|████▋     | 106/228 [00:16<00:18,  6.56it/s]
 47%|████▋     | 107/228 [00:16<00:18,  6.60it/s]
 47%|████▋     | 108/228 [00:16<00:17,  6.71it/s]
 48%|████▊     | 109/228 [00:16<00:18,  6.47it/s]
 48%|████▊     | 110/228 [00:17<00:18,  6.27it/s]
 49%|████▊     | 111/228 [00:17<00:18,  6.33it/s]
 49%|████▉     | 112/228 [00:17<00:17,  6.51it/s]
 50%|████▉     | 113/228 [00:17<00:16,  7.03it/s]
 50%|█████     | 114/228 [00:17<00:17,  6.66it/s]
 50%|█████     | 115/228 [00:17<00:17,  6.44it/s]
 51%|█████     | 116/228 [00:17<00:16,  6.60it/s]
 51%|█████▏    | 117/228 [00:18<00:17,  6.33it/s]
 52%|█████▏    | 118/228 [00:18<00:16,  6.51it/s]
 52%|█████▏    | 119/228 [00:18<00:15,  6.95it/s]
 53%|█████▎    | 120/228 [00:18<00:15,  6.86it/s]
 53%|█████▎    | 121/228 [00:18<00:16,  6.47it/s]
 54%|█████▎    | 122/228 [00:18<00:16,  6.54it/s]
 54%|█████▍    | 123/228 [00:19<00:18,  5.54it/s]
 54%|█████▍    | 124/228 [00:19<00:17,  5.82it/s]
 55%|█████▍    | 125/228 [00:19<00:17,  6.01it/s]
 55%|█████▌    | 126/228 [00:19<00:17,  5.92it/s]
 56%|█████▌    | 127/228 [00:19<00:15,  6.55it/s]
 56%|█████▌    | 128/228 [00:19<00:14,  6.74it/s]
 57%|█████▋    | 129/228 [00:20<00:14,  6.76it/s]
 57%|█████▋    | 130/228 [00:20<00:16,  5.78it/s]
 57%|█████▋    | 131/228 [00:20<00:16,  5.77it/s]
 58%|█████▊    | 132/228 [00:20<00:16,  5.80it/s]
 58%|█████▊    | 133/228 [00:20<00:14,  6.39it/s]
 59%|█████▉    | 134/228 [00:20<00:15,  5.90it/s]
 59%|█████▉    | 135/228 [00:21<00:14,  6.23it/s]
 60%|█████▉    | 136/228 [00:21<00:14,  6.47it/s]
 60%|██████    | 137/228 [00:21<00:13,  6.92it/s]
 61%|██████    | 138/228 [00:21<00:12,  7.40it/s]
 61%|██████    | 139/228 [00:21<00:12,  7.21it/s]
 61%|██████▏   | 140/228 [00:21<00:12,  6.98it/s]
 62%|██████▏   | 141/228 [00:21<00:13,  6.69it/s]
 62%|██████▏   | 142/228 [00:22<00:12,  6.81it/s]
 63%|██████▎   | 143/228 [00:22<00:12,  6.81it/s]
 63%|██████▎   | 144/228 [00:22<00:14,  5.83it/s]
 64%|██████▎   | 145/228 [00:22<00:13,  6.23it/s]
 64%|██████▍   | 146/228 [00:22<00:13,  6.10it/s]
 64%|██████▍   | 147/228 [00:22<00:12,  6.61it/s]
 65%|██████▍   | 148/228 [00:22<00:11,  6.84it/s]
 65%|██████▌   | 149/228 [00:23<00:11,  6.85it/s]
 66%|██████▌   | 150/228 [00:23<00:12,  6.42it/s]
 66%|██████▌   | 151/228 [00:23<00:11,  6.80it/s]
 67%|██████▋   | 152/228 [00:23<00:10,  7.16it/s]
 67%|██████▋   | 153/228 [00:23<00:10,  7.01it/s]
 68%|██████▊   | 154/228 [00:23<00:11,  6.67it/s]
 68%|██████▊   | 155/228 [00:23<00:10,  6.75it/s]
 68%|██████▊   | 156/228 [00:24<00:10,  6.81it/s]
 69%|██████▉   | 157/228 [00:24<00:10,  6.89it/s]
 69%|██████▉   | 158/228 [00:24<00:10,  6.87it/s]
 70%|██████▉   | 159/228 [00:24<00:09,  7.03it/s]
 70%|███████   | 160/228 [00:24<00:10,  6.55it/s]
 71%|███████   | 161/228 [00:24<00:10,  6.30it/s]
 71%|███████   | 162/228 [00:25<00:10,  6.43it/s]
 71%|███████▏  | 163/228 [00:25<00:10,  6.22it/s]
 72%|███████▏  | 164/228 [00:25<00:09,  6.40it/s]
 72%|███████▏  | 165/228 [00:25<00:10,  5.83it/s]
 73%|███████▎  | 166/228 [00:25<00:10,  6.13it/s]
 73%|███████▎  | 167/228 [00:25<00:10,  5.98it/s]
 74%|███████▎  | 168/228 [00:26<00:09,  6.16it/s]
 74%|███████▍  | 169/228 [00:26<00:09,  6.35it/s]
 75%|███████▍  | 170/228 [00:26<00:08,  6.48it/s]
 75%|███████▌  | 171/228 [00:26<00:08,  6.56it/s]
 75%|███████▌  | 172/228 [00:26<00:08,  6.62it/s]
 76%|███████▌  | 173/228 [00:26<00:07,  6.94it/s]
 76%|███████▋  | 174/228 [00:26<00:07,  6.94it/s]
 77%|███████▋  | 175/228 [00:27<00:07,  6.97it/s]
 77%|███████▋  | 176/228 [00:27<00:07,  6.88it/s]
 78%|███████▊  | 177/228 [00:27<00:07,  6.45it/s]
 78%|███████▊  | 178/228 [00:27<00:07,  6.82it/s]
 79%|███████▊  | 179/228 [00:27<00:07,  6.45it/s]
 79%|███████▉  | 180/228 [00:27<00:08,  5.91it/s]
 79%|███████▉  | 181/228 [00:28<00:07,  5.95it/s]
 80%|███████▉  | 182/228 [00:28<00:07,  6.04it/s]
 80%|████████  | 183/228 [00:28<00:07,  6.29it/s]
 81%|████████  | 184/228 [00:28<00:06,  6.41it/s]
 81%|████████  | 185/228 [00:28<00:06,  6.28it/s]
 82%|████████▏ | 186/228 [00:28<00:07,  5.83it/s]
 82%|████████▏ | 187/228 [00:29<00:07,  5.80it/s]
 82%|████████▏ | 188/228 [00:29<00:07,  5.52it/s]
 83%|████████▎ | 189/228 [00:29<00:06,  5.72it/s]
 83%|████████▎ | 190/228 [00:29<00:06,  6.04it/s]
 84%|████████▍ | 191/228 [00:29<00:05,  6.27it/s]
 84%|████████▍ | 192/228 [00:29<00:05,  6.20it/s]
 85%|████████▍ | 193/228 [00:30<00:05,  6.19it/s]
 85%|████████▌ | 194/228 [00:30<00:05,  6.02it/s]
 86%|████████▌ | 195/228 [00:30<00:05,  5.92it/s]
 86%|████████▌ | 196/228 [00:30<00:05,  6.39it/s]
 86%|████████▋ | 197/228 [00:30<00:04,  6.45it/s]
 87%|████████▋ | 198/228 [00:30<00:04,  6.31it/s]
 87%|████████▋ | 199/228 [00:30<00:04,  6.26it/s]
 88%|████████▊ | 200/228 [00:31<00:04,  6.41it/s]
 88%|████████▊ | 201/228 [00:31<00:04,  5.86it/s]
 89%|████████▊ | 202/228 [00:31<00:04,  5.79it/s]
 89%|████████▉ | 203/228 [00:31<00:03,  6.29it/s]
 89%|████████▉ | 204/228 [00:31<00:03,  6.24it/s]
 90%|████████▉ | 205/228 [00:31<00:03,  6.10it/s]
 90%|█████████ | 206/228 [00:32<00:03,  6.33it/s]
 91%|█████████ | 207/228 [00:32<00:03,  5.74it/s]
 91%|█████████ | 208/228 [00:32<00:03,  6.25it/s]
 92%|█████████▏| 209/228 [00:32<00:03,  6.12it/s]
 92%|█████████▏| 210/228 [00:32<00:02,  6.57it/s]
 93%|█████████▎| 211/228 [00:32<00:02,  6.56it/s]
 93%|█████████▎| 212/228 [00:33<00:02,  6.62it/s]
 93%|█████████▎| 213/228 [00:33<00:02,  6.63it/s]
 94%|█████████▍| 214/228 [00:33<00:02,  5.66it/s]
 94%|█████████▍| 215/228 [00:33<00:02,  6.00it/s]
 95%|█████████▍| 216/228 [00:33<00:01,  6.53it/s]
 95%|█████████▌| 217/228 [00:33<00:01,  6.77it/s]
 96%|█████████▌| 218/228 [00:33<00:01,  7.11it/s]
 96%|█████████▌| 219/228 [00:34<00:01,  6.32it/s]
 96%|█████████▋| 220/228 [00:34<00:01,  6.61it/s]
 97%|█████████▋| 221/228 [00:34<00:01,  6.76it/s]
 97%|█████████▋| 222/228 [00:34<00:00,  7.15it/s]
 98%|█████████▊| 223/228 [00:34<00:00,  7.05it/s]
 98%|█████████▊| 224/228 [00:34<00:00,  6.67it/s]
 99%|█████████▊| 225/228 [00:35<00:00,  5.92it/s]
 99%|█████████▉| 226/228 [00:35<00:00,  5.62it/s]
100%|█████████▉| 227/228 [00:35<00:00,  5.94it/s]
100%|██████████| 228/228 [00:35<00:00,  6.24it/s]
100%|██████████| 228/228 [00:35<00:00,  6.41it/s]

  0%|          | 0/14 [00:00<?, ?it/s]
100%|██████████| 14/14 [00:00<00:00, 940.70it/s]
==================================================

=== RUNNING: python truthfulqa.py facebook/opt-1.3b --system-prompt 'Actually,' ===
Testing model facebook/opt-1.3b on TruthfulQA...
Done. Accuracy: 0.27046783625730997
Device set to use cuda:0

  0%|          | 0/228 [00:00<?, ?it/s]Asking to truncate to max_length but no maximum length is provided and the model has no predefined maximum length. Default to no truncation.

  0%|          | 1/228 [00:00<03:23,  1.12it/s]
  1%|          | 2/228 [00:01<02:43,  1.39it/s]
  1%|▏         | 3/228 [00:02<02:27,  1.52it/s]
  2%|▏         | 4/228 [00:02<02:23,  1.56it/s]
  2%|▏         | 5/228 [00:03<02:18,  1.61it/s]
  3%|▎         | 6/228 [00:03<02:16,  1.63it/s]
  3%|▎         | 7/228 [00:04<02:15,  1.63it/s]
  4%|▎         | 8/228 [00:05<02:15,  1.62it/s]
  4%|▍         | 9/228 [00:05<02:12,  1.66it/s]
  4%|▍         | 10/228 [00:06<02:12,  1.64it/s]You seem to be using the pipelines sequentially on GPU. In order to maximize efficiency please use a dataset

  5%|▍         | 11/228 [00:06<02:11,  1.65it/s]
  5%|▌         | 12/228 [00:07<02:10,  1.66it/s]
  6%|▌         | 13/228 [00:08<02:07,  1.69it/s]
  6%|▌         | 14/228 [00:08<02:06,  1.69it/s]
  7%|▋         | 15/228 [00:09<02:07,  1.67it/s]
  7%|▋         | 16/228 [00:09<02:07,  1.66it/s]
  7%|▋         | 17/228 [00:10<02:07,  1.65it/s]
  8%|▊         | 18/228 [00:11<02:06,  1.66it/s]
  8%|▊         | 19/228 [00:11<02:04,  1.68it/s]
  9%|▉         | 20/228 [00:12<02:04,  1.68it/s]
  9%|▉         | 21/228 [00:12<02:05,  1.64it/s]
 10%|▉         | 22/228 [00:13<02:03,  1.66it/s]
 10%|█         | 23/228 [00:14<02:04,  1.65it/s]
 11%|█         | 24/228 [00:14<02:04,  1.64it/s]
 11%|█         | 25/228 [00:15<02:01,  1.67it/s]
 11%|█▏        | 26/228 [00:15<02:00,  1.68it/s]
 12%|█▏        | 27/228 [00:16<01:59,  1.68it/s]
 12%|█▏        | 28/228 [00:17<01:58,  1.69it/s]
 13%|█▎        | 29/228 [00:17<01:59,  1.67it/s]
 13%|█▎        | 30/228 [00:18<02:00,  1.65it/s]
 14%|█▎        | 31/228 [00:18<01:58,  1.67it/s]
 14%|█▍        | 32/228 [00:19<01:57,  1.66it/s]
 14%|█▍        | 33/228 [00:20<01:57,  1.66it/s]
 15%|█▍        | 34/228 [00:20<01:56,  1.67it/s]
 15%|█▌        | 35/228 [00:21<01:56,  1.65it/s]
 16%|█▌        | 36/228 [00:21<01:57,  1.63it/s]
 16%|█▌        | 37/228 [00:22<01:55,  1.66it/s]
 17%|█▋        | 38/228 [00:23<01:54,  1.66it/s]
 17%|█▋        | 39/228 [00:23<01:54,  1.65it/s]
 18%|█▊        | 40/228 [00:24<01:55,  1.63it/s]
 18%|█▊        | 41/228 [00:24<01:54,  1.64it/s]
 18%|█▊        | 42/228 [00:25<01:52,  1.65it/s]
 19%|█▉        | 43/228 [00:26<01:50,  1.68it/s]
 19%|█▉        | 44/228 [00:26<01:51,  1.65it/s]
 20%|█▉        | 45/228 [00:27<01:51,  1.64it/s]
 20%|██        | 46/228 [00:28<01:50,  1.64it/s]
 21%|██        | 47/228 [00:28<01:49,  1.66it/s]
 21%|██        | 48/228 [00:29<01:50,  1.63it/s]
 21%|██▏       | 49/228 [00:29<01:48,  1.65it/s]
 22%|██▏       | 50/228 [00:30<01:46,  1.67it/s]
 22%|██▏       | 51/228 [00:31<01:47,  1.64it/s]
 23%|██▎       | 52/228 [00:31<01:48,  1.62it/s]
 23%|██▎       | 53/228 [00:32<01:47,  1.62it/s]
 24%|██▎       | 54/228 [00:32<01:45,  1.64it/s]
 24%|██▍       | 55/228 [00:33<01:46,  1.63it/s]
 25%|██▍       | 56/228 [00:34<01:45,  1.63it/s]
 25%|██▌       | 57/228 [00:34<01:43,  1.66it/s]
 25%|██▌       | 58/228 [00:35<01:42,  1.66it/s]
 26%|██▌       | 59/228 [00:35<01:43,  1.64it/s]
 26%|██▋       | 60/228 [00:36<01:42,  1.64it/s]
 27%|██▋       | 61/228 [00:37<01:40,  1.66it/s]
 27%|██▋       | 62/228 [00:37<01:38,  1.68it/s]
 28%|██▊       | 63/228 [00:38<01:39,  1.66it/s]
 28%|██▊       | 64/228 [00:38<01:38,  1.66it/s]
 29%|██▊       | 65/228 [00:39<01:38,  1.66it/s]
 29%|██▉       | 66/228 [00:40<01:37,  1.67it/s]
 29%|██▉       | 67/228 [00:40<01:35,  1.68it/s]
 30%|██▉       | 68/228 [00:41<01:35,  1.68it/s]
 30%|███       | 69/228 [00:41<01:36,  1.65it/s]
 31%|███       | 70/228 [00:42<01:35,  1.65it/s]
 31%|███       | 71/228 [00:43<01:35,  1.65it/s]
 32%|███▏      | 72/228 [00:43<01:33,  1.67it/s]
 32%|███▏      | 73/228 [00:44<01:31,  1.69it/s]
 32%|███▏      | 74/228 [00:44<01:31,  1.68it/s]
 33%|███▎      | 75/228 [00:45<01:31,  1.67it/s]
 33%|███▎      | 76/228 [00:46<01:30,  1.68it/s]
 34%|███▍      | 77/228 [00:46<01:28,  1.70it/s]
 34%|███▍      | 78/228 [00:47<01:30,  1.66it/s]
 35%|███▍      | 79/228 [00:47<01:29,  1.66it/s]
 35%|███▌      | 80/228 [00:48<01:30,  1.64it/s]
 36%|███▌      | 81/228 [00:49<01:29,  1.64it/s]
 36%|███▌      | 82/228 [00:49<01:28,  1.65it/s]
 36%|███▋      | 83/228 [00:50<01:27,  1.67it/s]
 37%|███▋      | 84/228 [00:50<01:26,  1.66it/s]
 37%|███▋      | 85/228 [00:51<01:25,  1.67it/s]
 38%|███▊      | 86/228 [00:52<01:24,  1.67it/s]
 38%|███▊      | 87/228 [00:52<01:24,  1.67it/s]
 39%|███▊      | 88/228 [00:53<01:24,  1.66it/s]
 39%|███▉      | 89/228 [00:53<01:23,  1.66it/s]
 39%|███▉      | 90/228 [00:54<01:24,  1.64it/s]
 40%|███▉      | 91/228 [00:55<01:23,  1.64it/s]
 40%|████      | 92/228 [00:55<01:22,  1.66it/s]
 41%|████      | 93/228 [00:56<01:21,  1.66it/s]
 41%|████      | 94/228 [00:56<01:20,  1.66it/s]
 42%|████▏     | 95/228 [00:57<01:19,  1.68it/s]
 42%|████▏     | 96/228 [00:58<01:19,  1.65it/s]
 43%|████▎     | 97/228 [00:58<01:18,  1.68it/s]
 43%|████▎     | 98/228 [00:59<01:17,  1.68it/s]
 43%|████▎     | 99/228 [00:59<01:16,  1.68it/s]
 44%|████▍     | 100/228 [01:00<01:16,  1.67it/s]
 44%|████▍     | 101/228 [01:01<01:15,  1.68it/s]
 45%|████▍     | 102/228 [01:01<01:16,  1.65it/s]
 45%|████▌     | 103/228 [01:02<01:16,  1.64it/s]
 46%|████▌     | 104/228 [01:02<01:15,  1.63it/s]
 46%|████▌     | 105/228 [01:03<01:14,  1.66it/s]
 46%|████▋     | 106/228 [01:04<01:13,  1.65it/s]
 47%|████▋     | 107/228 [01:04<01:13,  1.65it/s]
 47%|████▋     | 108/228 [01:05<01:12,  1.66it/s]
 48%|████▊     | 109/228 [01:05<01:11,  1.66it/s]
 48%|████▊     | 110/228 [01:06<01:11,  1.64it/s]
 49%|████▊     | 111/228 [01:07<01:11,  1.63it/s]
 49%|████▉     | 112/228 [01:07<01:10,  1.64it/s]
 50%|████▉     | 113/228 [01:08<01:09,  1.67it/s]
 50%|█████     | 114/228 [01:09<01:09,  1.65it/s]
 50%|█████     | 115/228 [01:09<01:08,  1.65it/s]
 51%|█████     | 116/228 [01:10<01:07,  1.67it/s]
 51%|█████▏    | 117/228 [01:10<01:07,  1.65it/s]
 52%|█████▏    | 118/228 [01:11<01:06,  1.66it/s]
 52%|█████▏    | 119/228 [01:12<01:04,  1.68it/s]
 53%|█████▎    | 120/228 [01:12<01:04,  1.68it/s]
 53%|█████▎    | 121/228 [01:13<01:04,  1.67it/s]
 54%|█████▎    | 122/228 [01:13<01:03,  1.66it/s]
 54%|█████▍    | 123/228 [01:14<01:06,  1.58it/s]
 54%|█████▍    | 124/228 [01:15<01:04,  1.61it/s]
 55%|█████▍    | 125/228 [01:15<01:03,  1.63it/s]
 55%|█████▌    | 126/228 [01:16<01:02,  1.62it/s]
 56%|█████▌    | 127/228 [01:16<01:01,  1.64it/s]
 56%|█████▌    | 128/228 [01:17<01:00,  1.65it/s]
 57%|█████▋    | 129/228 [01:18<00:59,  1.66it/s]
 57%|█████▋    | 130/228 [01:18<01:01,  1.60it/s]
 57%|█████▋    | 131/228 [01:19<01:00,  1.62it/s]
 58%|█████▊    | 132/228 [01:20<00:58,  1.63it/s]
 58%|█████▊    | 133/228 [01:20<00:57,  1.65it/s]
 59%|█████▉    | 134/228 [01:21<00:57,  1.63it/s]
 59%|█████▉    | 135/228 [01:21<00:56,  1.65it/s]
 60%|█████▉    | 136/228 [01:22<00:55,  1.66it/s]
 60%|██████    | 137/228 [01:22<00:54,  1.68it/s]
 61%|██████    | 138/228 [01:23<00:52,  1.70it/s]
 61%|██████    | 139/228 [01:24<00:52,  1.69it/s]
 61%|██████▏   | 140/228 [01:24<00:52,  1.68it/s]
 62%|██████▏   | 141/228 [01:25<00:51,  1.67it/s]
 62%|██████▏   | 142/228 [01:25<00:51,  1.68it/s]
 63%|██████▎   | 143/228 [01:26<00:50,  1.67it/s]
 63%|██████▎   | 144/228 [01:27<00:52,  1.59it/s]
 64%|██████▎   | 145/228 [01:27<00:51,  1.62it/s]
 64%|██████▍   | 146/228 [01:28<00:50,  1.63it/s]
 64%|██████▍   | 147/228 [01:29<00:49,  1.65it/s]
 65%|██████▍   | 148/228 [01:29<00:48,  1.67it/s]
 65%|██████▌   | 149/228 [01:30<00:47,  1.66it/s]
 66%|██████▌   | 150/228 [01:30<00:47,  1.64it/s]
 66%|██████▌   | 151/228 [01:31<00:46,  1.67it/s]
 67%|██████▋   | 152/228 [01:32<00:45,  1.69it/s]
 67%|██████▋   | 153/228 [01:32<00:44,  1.68it/s]
 68%|██████▊   | 154/228 [01:33<00:44,  1.66it/s]
 68%|██████▊   | 155/228 [01:33<00:44,  1.65it/s]
 68%|██████▊   | 156/228 [01:34<00:43,  1.66it/s]
 69%|██████▉   | 157/228 [01:35<00:42,  1.67it/s]
 69%|██████▉   | 158/228 [01:35<00:41,  1.68it/s]
 70%|██████▉   | 159/228 [01:36<00:41,  1.67it/s]
 70%|███████   | 160/228 [01:36<00:41,  1.65it/s]
 71%|███████   | 161/228 [01:37<00:40,  1.66it/s]
 71%|███████   | 162/228 [01:38<00:39,  1.66it/s]
 71%|███████▏  | 163/228 [01:38<00:39,  1.66it/s]
 72%|███████▏  | 164/228 [01:39<00:38,  1.66it/s]
 72%|███████▏  | 165/228 [01:39<00:38,  1.63it/s]
 73%|███████▎  | 166/228 [01:40<00:37,  1.63it/s]
 73%|███████▎  | 167/228 [01:41<00:37,  1.62it/s]
 74%|███████▎  | 168/228 [01:41<00:36,  1.63it/s]
 74%|███████▍  | 169/228 [01:42<00:36,  1.63it/s]
 75%|███████▍  | 170/228 [01:42<00:35,  1.64it/s]
 75%|███████▌  | 171/228 [01:43<00:34,  1.65it/s]
 75%|███████▌  | 172/228 [01:44<00:33,  1.67it/s]
 76%|███████▌  | 173/228 [01:44<00:32,  1.69it/s]
 76%|███████▋  | 174/228 [01:45<00:32,  1.69it/s]
 77%|███████▋  | 175/228 [01:45<00:31,  1.68it/s]
 77%|███████▋  | 176/228 [01:46<00:30,  1.68it/s]
 78%|███████▊  | 177/228 [01:47<00:30,  1.65it/s]
 78%|███████▊  | 178/228 [01:47<00:29,  1.68it/s]
 79%|███████▊  | 179/228 [01:48<00:29,  1.65it/s]
 79%|███████▉  | 180/228 [01:48<00:29,  1.63it/s]
 79%|███████▉  | 181/228 [01:49<00:28,  1.63it/s]
 80%|███████▉  | 182/228 [01:50<00:28,  1.63it/s]
 80%|████████  | 183/228 [01:50<00:27,  1.64it/s]
 81%|████████  | 184/228 [01:51<00:26,  1.65it/s]
 81%|████████  | 185/228 [01:52<00:26,  1.64it/s]
 82%|████████▏ | 186/228 [01:52<00:26,  1.61it/s]
 82%|████████▏ | 187/228 [01:53<00:25,  1.62it/s]
 82%|████████▏ | 188/228 [01:53<00:24,  1.60it/s]
 83%|████████▎ | 189/228 [01:54<00:24,  1.61it/s]
 83%|████████▎ | 190/228 [01:55<00:23,  1.62it/s]
 84%|████████▍ | 191/228 [01:55<00:22,  1.63it/s]
 84%|████████▍ | 192/228 [01:56<00:22,  1.61it/s]
 85%|████████▍ | 193/228 [01:56<00:21,  1.63it/s]
 85%|████████▌ | 194/228 [01:57<00:20,  1.63it/s]
 86%|████████▌ | 195/228 [01:58<00:20,  1.62it/s]
 86%|████████▌ | 196/228 [01:58<00:19,  1.64it/s]
 86%|████████▋ | 197/228 [01:59<00:18,  1.65it/s]
 87%|████████▋ | 198/228 [02:00<00:18,  1.64it/s]
 87%|████████▋ | 199/228 [02:00<00:17,  1.65it/s]
 88%|████████▊ | 200/228 [02:01<00:16,  1.65it/s]
 88%|████████▊ | 201/228 [02:01<00:16,  1.62it/s]
 89%|████████▊ | 202/228 [02:02<00:16,  1.62it/s]
 89%|████████▉ | 203/228 [02:03<00:15,  1.63it/s]
 89%|████████▉ | 204/228 [02:03<00:14,  1.63it/s]
 90%|████████▉ | 205/228 [02:04<00:14,  1.63it/s]
 90%|█████████ | 206/228 [02:04<00:13,  1.65it/s]
 91%|█████████ | 207/228 [02:05<00:13,  1.59it/s]
 91%|█████████ | 208/228 [02:06<00:12,  1.63it/s]
 92%|█████████▏| 209/228 [02:06<00:11,  1.63it/s]
 92%|█████████▏| 210/228 [02:07<00:10,  1.65it/s]
 93%|█████████▎| 211/228 [02:07<00:10,  1.64it/s]
 93%|█████████▎| 212/228 [02:08<00:09,  1.64it/s]
 93%|█████████▎| 213/228 [02:09<00:09,  1.64it/s]
 94%|█████████▍| 214/228 [02:09<00:08,  1.57it/s]
 94%|█████████▍| 215/228 [02:10<00:08,  1.61it/s]
 95%|█████████▍| 216/228 [02:11<00:07,  1.63it/s]
 95%|█████████▌| 217/228 [02:11<00:06,  1.64it/s]
 96%|█████████▌| 218/228 [02:12<00:06,  1.65it/s]
 96%|█████████▌| 219/228 [02:12<00:05,  1.61it/s]
 96%|█████████▋| 220/228 [02:13<00:04,  1.62it/s]
 97%|█████████▋| 221/228 [02:14<00:04,  1.63it/s]
 97%|█████████▋| 222/228 [02:14<00:03,  1.66it/s]
 98%|█████████▊| 223/228 [02:15<00:02,  1.67it/s]
 98%|█████████▊| 224/228 [02:15<00:02,  1.65it/s]
 99%|█████████▊| 225/228 [02:16<00:01,  1.62it/s]
 99%|█████████▉| 226/228 [02:17<00:01,  1.62it/s]
100%|█████████▉| 227/228 [02:17<00:00,  1.64it/s]
100%|██████████| 228/228 [02:18<00:00,  1.64it/s]
100%|██████████| 228/228 [02:18<00:00,  1.65it/s]

  0%|          | 0/14 [00:00<?, ?it/s]
100%|██████████| 14/14 [00:00<00:00, 958.59it/s]
==================================================
